[2020-05-29 10:30:37] [INFO] [删除文件：/Users/wuzhiqiang/Desktop/java_file_creator/dist/controller/UserController.java] 
[2020-05-29 10:30:37] [INFO] [删除文件：/Users/wuzhiqiang/Desktop/java_file_creator/dist/mapper/UserMapper.java] 
[2020-05-29 10:30:37] [INFO] [删除文件：/Users/wuzhiqiang/Desktop/java_file_creator/dist/provider/UserProvider.java] 
[2020-05-29 10:30:37] [INFO] [删除文件：/Users/wuzhiqiang/Desktop/java_file_creator/dist/repository/UserRepository.java] 
[2020-05-29 10:31:10] [INFO] [删除文件：/Users/wuzhiqiang/Desktop/java_file_creator/dist/model/User.java] 
[2020-05-29 10:33:23] [INFO] [INFO] 
[2020-05-29 10:33:23] [INFO] [controller] ============= 生成 java controller ================
[2020-05-29 10:33:23] [INFO] [controller] 开始生成：/Users/wuzhiqiang/Desktop/java_file_creator/dist/controller/DevController.java
[2020-05-29 10:33:23] [INFO] [controller] 开始生成：/Users/wuzhiqiang/Desktop/java_file_creator/dist/controller/Dev_updateController.java
[2020-05-29 10:33:23] [INFO] [controller] 开始生成：/Users/wuzhiqiang/Desktop/java_file_creator/dist/controller/Dev_infoController.java
[2020-05-29 10:33:23] [INFO] [controller] 开始生成：/Users/wuzhiqiang/Desktop/java_file_creator/dist/controller/Email_sendController.java
[2020-05-29 10:33:23] [INFO] [controller] 开始生成：/Users/wuzhiqiang/Desktop/java_file_creator/dist/controller/RfidController.java
[2020-05-29 10:33:23] [INFO] [controller] 开始生成：/Users/wuzhiqiang/Desktop/java_file_creator/dist/controller/AreaController.java
[2020-05-29 10:33:23] [INFO] [controller] 开始生成：/Users/wuzhiqiang/Desktop/java_file_creator/dist/controller/Admin_dev_linkController.java
[2020-05-29 10:33:23] [INFO] [controller] 开始生成：/Users/wuzhiqiang/Desktop/java_file_creator/dist/controller/Admin_linkController.java
[2020-05-29 10:33:23] [INFO] [controller] 开始生成：/Users/wuzhiqiang/Desktop/java_file_creator/dist/controller/Mp_dev_linkController.java
[2020-05-29 10:33:23] [INFO] [controller] 开始生成：/Users/wuzhiqiang/Desktop/java_file_creator/dist/controller/Mp_linkController.java
[2020-05-29 10:33:23] [INFO] [controller] 开始生成：/Users/wuzhiqiang/Desktop/java_file_creator/dist/controller/Dev_versionController.java
[2020-05-29 10:33:23] [INFO] [controller] 开始生成：/Users/wuzhiqiang/Desktop/java_file_creator/dist/controller/Mp_user_shareController.java
[2020-05-29 10:33:23] [INFO] [controller] 开始生成：/Users/wuzhiqiang/Desktop/java_file_creator/dist/controller/ProvinceController.java
[2020-05-29 10:33:23] [INFO] [controller] 开始生成：/Users/wuzhiqiang/Desktop/java_file_creator/dist/controller/CityController.java
[2020-05-29 10:33:23] [INFO] [controller] 开始生成：/Users/wuzhiqiang/Desktop/java_file_creator/dist/controller/SectionController.java
[2020-05-29 10:33:23] [INFO] [controller] 开始生成：/Users/wuzhiqiang/Desktop/java_file_creator/dist/controller/SmsController.java
[2020-05-29 10:33:23] [INFO] [controller] 开始生成：/Users/wuzhiqiang/Desktop/java_file_creator/dist/controller/ApiController.java
[2020-05-29 10:33:23] [INFO] [controller] 开始生成：/Users/wuzhiqiang/Desktop/java_file_creator/dist/controller/Api_linkController.java
[2020-05-29 10:33:23] [INFO] [controller] 开始生成：/Users/wuzhiqiang/Desktop/java_file_creator/dist/controller/RoleController.java
[2020-05-29 10:33:23] [INFO] [controller] 开始生成：/Users/wuzhiqiang/Desktop/java_file_creator/dist/controller/Admin_userController.java
[2020-05-29 10:33:23] [INFO] [controller] 开始生成：/Users/wuzhiqiang/Desktop/java_file_creator/dist/controller/Mp_userController.java
[2020-05-29 10:33:23] [INFO] [controller] 开始生成：/Users/wuzhiqiang/Desktop/java_file_creator/dist/controller/Dev_repairController.java
[2020-05-29 10:33:23] [INFO] [controller] 开始生成：/Users/wuzhiqiang/Desktop/java_file_creator/dist/controller/Dev_repair_linkController.java
[2020-05-29 10:33:23] [INFO] [controller] 开始生成：/Users/wuzhiqiang/Desktop/java_file_creator/dist/controller/Dev_answerController.java
[2020-05-29 10:33:23] [INFO] [controller] 开始生成：/Users/wuzhiqiang/Desktop/java_file_creator/dist/controller/Dev_update_msgController.java
[2020-05-29 10:33:23] [INFO] [controller] 开始生成：/Users/wuzhiqiang/Desktop/java_file_creator/dist/controller/Dev_msgController.java
[2020-05-29 10:33:23] [INFO] [controller] 开始生成：/Users/wuzhiqiang/Desktop/java_file_creator/dist/controller/Dev_cmdController.java
[2020-05-29 10:33:23] [INFO] [controller] 开始生成：/Users/wuzhiqiang/Desktop/java_file_creator/dist/controller/Dev_alarmController.java
[2020-05-29 10:33:23] [INFO] [controller] 开始生成：/Users/wuzhiqiang/Desktop/java_file_creator/dist/controller/Dev_actionController.java
[2020-05-29 10:33:23] [INFO] [controller] 开始生成：/Users/wuzhiqiang/Desktop/java_file_creator/dist/controller/Dev_connectController.java
[2020-05-29 10:33:23] [INFO] [controller] 开始生成：/Users/wuzhiqiang/Desktop/java_file_creator/dist/controller/Rfid_changeController.java
[2020-05-29 10:33:23] [INFO] [controller] 开始生成：/Users/wuzhiqiang/Desktop/java_file_creator/dist/controller/Msg_logController.java
[2020-05-29 10:33:23] [INFO] [INFO] 
[2020-05-29 10:33:23] [INFO] [repository] ============= 生成 java repositories ================
[2020-05-29 10:33:23] [INFO] [repository] 开始生成：/Users/wuzhiqiang/Desktop/java_file_creator/dist/repository/DevRepository.java
[2020-05-29 10:33:23] [INFO] [repository] 开始生成：/Users/wuzhiqiang/Desktop/java_file_creator/dist/repository/Dev_updateRepository.java
[2020-05-29 10:33:23] [INFO] [repository] 开始生成：/Users/wuzhiqiang/Desktop/java_file_creator/dist/repository/Dev_infoRepository.java
[2020-05-29 10:33:23] [INFO] [repository] 开始生成：/Users/wuzhiqiang/Desktop/java_file_creator/dist/repository/Email_sendRepository.java
[2020-05-29 10:33:23] [INFO] [repository] 开始生成：/Users/wuzhiqiang/Desktop/java_file_creator/dist/repository/RfidRepository.java
[2020-05-29 10:33:23] [INFO] [repository] 开始生成：/Users/wuzhiqiang/Desktop/java_file_creator/dist/repository/AreaRepository.java
[2020-05-29 10:33:23] [INFO] [repository] 开始生成：/Users/wuzhiqiang/Desktop/java_file_creator/dist/repository/Admin_dev_linkRepository.java
[2020-05-29 10:33:23] [INFO] [repository] 开始生成：/Users/wuzhiqiang/Desktop/java_file_creator/dist/repository/Admin_linkRepository.java
[2020-05-29 10:33:23] [INFO] [repository] 开始生成：/Users/wuzhiqiang/Desktop/java_file_creator/dist/repository/Mp_dev_linkRepository.java
[2020-05-29 10:33:23] [INFO] [repository] 开始生成：/Users/wuzhiqiang/Desktop/java_file_creator/dist/repository/Mp_linkRepository.java
[2020-05-29 10:33:23] [INFO] [repository] 开始生成：/Users/wuzhiqiang/Desktop/java_file_creator/dist/repository/Dev_versionRepository.java
[2020-05-29 10:33:23] [INFO] [repository] 开始生成：/Users/wuzhiqiang/Desktop/java_file_creator/dist/repository/Mp_user_shareRepository.java
[2020-05-29 10:33:23] [INFO] [repository] 开始生成：/Users/wuzhiqiang/Desktop/java_file_creator/dist/repository/ProvinceRepository.java
[2020-05-29 10:33:23] [INFO] [repository] 开始生成：/Users/wuzhiqiang/Desktop/java_file_creator/dist/repository/CityRepository.java
[2020-05-29 10:33:23] [INFO] [repository] 开始生成：/Users/wuzhiqiang/Desktop/java_file_creator/dist/repository/SectionRepository.java
[2020-05-29 10:33:23] [INFO] [repository] 开始生成：/Users/wuzhiqiang/Desktop/java_file_creator/dist/repository/SmsRepository.java
[2020-05-29 10:33:23] [INFO] [repository] 开始生成：/Users/wuzhiqiang/Desktop/java_file_creator/dist/repository/ApiRepository.java
[2020-05-29 10:33:23] [INFO] [repository] 开始生成：/Users/wuzhiqiang/Desktop/java_file_creator/dist/repository/Api_linkRepository.java
[2020-05-29 10:33:23] [INFO] [repository] 开始生成：/Users/wuzhiqiang/Desktop/java_file_creator/dist/repository/RoleRepository.java
[2020-05-29 10:33:23] [INFO] [repository] 开始生成：/Users/wuzhiqiang/Desktop/java_file_creator/dist/repository/Admin_userRepository.java
[2020-05-29 10:33:23] [INFO] [repository] 开始生成：/Users/wuzhiqiang/Desktop/java_file_creator/dist/repository/Mp_userRepository.java
[2020-05-29 10:33:23] [INFO] [repository] 开始生成：/Users/wuzhiqiang/Desktop/java_file_creator/dist/repository/Dev_repairRepository.java
[2020-05-29 10:33:23] [INFO] [repository] 开始生成：/Users/wuzhiqiang/Desktop/java_file_creator/dist/repository/Dev_repair_linkRepository.java
[2020-05-29 10:33:23] [INFO] [repository] 开始生成：/Users/wuzhiqiang/Desktop/java_file_creator/dist/repository/Dev_answerRepository.java
[2020-05-29 10:33:23] [INFO] [repository] 开始生成：/Users/wuzhiqiang/Desktop/java_file_creator/dist/repository/Dev_update_msgRepository.java
[2020-05-29 10:33:23] [INFO] [repository] 开始生成：/Users/wuzhiqiang/Desktop/java_file_creator/dist/repository/Dev_msgRepository.java
[2020-05-29 10:33:23] [INFO] [repository] 开始生成：/Users/wuzhiqiang/Desktop/java_file_creator/dist/repository/Dev_cmdRepository.java
[2020-05-29 10:33:24] [INFO] [repository] 开始生成：/Users/wuzhiqiang/Desktop/java_file_creator/dist/repository/Dev_alarmRepository.java
[2020-05-29 10:33:24] [INFO] [repository] 开始生成：/Users/wuzhiqiang/Desktop/java_file_creator/dist/repository/Dev_actionRepository.java
[2020-05-29 10:33:24] [INFO] [repository] 开始生成：/Users/wuzhiqiang/Desktop/java_file_creator/dist/repository/Dev_connectRepository.java
[2020-05-29 10:33:24] [INFO] [repository] 开始生成：/Users/wuzhiqiang/Desktop/java_file_creator/dist/repository/Rfid_changeRepository.java
[2020-05-29 10:33:24] [INFO] [repository] 开始生成：/Users/wuzhiqiang/Desktop/java_file_creator/dist/repository/Msg_logRepository.java
[2020-05-29 10:33:24] [INFO] [INFO] 
[2020-05-29 10:33:24] [INFO] [  mapper  ] ============= 生成 java mappers ================
[2020-05-29 10:33:24] [INFO] [  mapper  ] 开始生成：/Users/wuzhiqiang/Desktop/java_file_creator/dist/mapper/DevMapper.java
[2020-05-29 10:33:24] [INFO] [  mapper  ] 开始生成：/Users/wuzhiqiang/Desktop/java_file_creator/dist/mapper/Dev_updateMapper.java
[2020-05-29 10:33:24] [INFO] [  mapper  ] 开始生成：/Users/wuzhiqiang/Desktop/java_file_creator/dist/mapper/Dev_infoMapper.java
[2020-05-29 10:33:24] [INFO] [  mapper  ] 开始生成：/Users/wuzhiqiang/Desktop/java_file_creator/dist/mapper/Email_sendMapper.java
[2020-05-29 10:33:24] [INFO] [  mapper  ] 开始生成：/Users/wuzhiqiang/Desktop/java_file_creator/dist/mapper/RfidMapper.java
[2020-05-29 10:33:24] [INFO] [  mapper  ] 开始生成：/Users/wuzhiqiang/Desktop/java_file_creator/dist/mapper/AreaMapper.java
[2020-05-29 10:33:24] [INFO] [  mapper  ] 开始生成：/Users/wuzhiqiang/Desktop/java_file_creator/dist/mapper/Admin_dev_linkMapper.java
[2020-05-29 10:33:24] [INFO] [  mapper  ] 开始生成：/Users/wuzhiqiang/Desktop/java_file_creator/dist/mapper/Admin_linkMapper.java
[2020-05-29 10:33:24] [INFO] [  mapper  ] 开始生成：/Users/wuzhiqiang/Desktop/java_file_creator/dist/mapper/Mp_dev_linkMapper.java
[2020-05-29 10:33:24] [INFO] [  mapper  ] 开始生成：/Users/wuzhiqiang/Desktop/java_file_creator/dist/mapper/Mp_linkMapper.java
[2020-05-29 10:33:24] [INFO] [  mapper  ] 开始生成：/Users/wuzhiqiang/Desktop/java_file_creator/dist/mapper/Dev_versionMapper.java
[2020-05-29 10:33:24] [INFO] [  mapper  ] 开始生成：/Users/wuzhiqiang/Desktop/java_file_creator/dist/mapper/Mp_user_shareMapper.java
[2020-05-29 10:33:24] [INFO] [  mapper  ] 开始生成：/Users/wuzhiqiang/Desktop/java_file_creator/dist/mapper/ProvinceMapper.java
[2020-05-29 10:33:24] [INFO] [  mapper  ] 开始生成：/Users/wuzhiqiang/Desktop/java_file_creator/dist/mapper/CityMapper.java
[2020-05-29 10:33:24] [INFO] [  mapper  ] 开始生成：/Users/wuzhiqiang/Desktop/java_file_creator/dist/mapper/SectionMapper.java
[2020-05-29 10:33:24] [INFO] [  mapper  ] 开始生成：/Users/wuzhiqiang/Desktop/java_file_creator/dist/mapper/SmsMapper.java
[2020-05-29 10:33:24] [INFO] [  mapper  ] 开始生成：/Users/wuzhiqiang/Desktop/java_file_creator/dist/mapper/ApiMapper.java
[2020-05-29 10:33:24] [INFO] [  mapper  ] 开始生成：/Users/wuzhiqiang/Desktop/java_file_creator/dist/mapper/Api_linkMapper.java
[2020-05-29 10:33:24] [INFO] [  mapper  ] 开始生成：/Users/wuzhiqiang/Desktop/java_file_creator/dist/mapper/RoleMapper.java
[2020-05-29 10:33:24] [INFO] [  mapper  ] 开始生成：/Users/wuzhiqiang/Desktop/java_file_creator/dist/mapper/Admin_userMapper.java
[2020-05-29 10:33:24] [INFO] [  mapper  ] 开始生成：/Users/wuzhiqiang/Desktop/java_file_creator/dist/mapper/Mp_userMapper.java
[2020-05-29 10:33:24] [INFO] [  mapper  ] 开始生成：/Users/wuzhiqiang/Desktop/java_file_creator/dist/mapper/Dev_repairMapper.java
[2020-05-29 10:33:24] [INFO] [  mapper  ] 开始生成：/Users/wuzhiqiang/Desktop/java_file_creator/dist/mapper/Dev_repair_linkMapper.java
[2020-05-29 10:33:24] [INFO] [  mapper  ] 开始生成：/Users/wuzhiqiang/Desktop/java_file_creator/dist/mapper/Dev_answerMapper.java
[2020-05-29 10:33:24] [INFO] [  mapper  ] 开始生成：/Users/wuzhiqiang/Desktop/java_file_creator/dist/mapper/Dev_update_msgMapper.java
[2020-05-29 10:33:24] [INFO] [  mapper  ] 开始生成：/Users/wuzhiqiang/Desktop/java_file_creator/dist/mapper/Dev_msgMapper.java
[2020-05-29 10:33:24] [INFO] [  mapper  ] 开始生成：/Users/wuzhiqiang/Desktop/java_file_creator/dist/mapper/Dev_cmdMapper.java
[2020-05-29 10:33:24] [INFO] [  mapper  ] 开始生成：/Users/wuzhiqiang/Desktop/java_file_creator/dist/mapper/Dev_alarmMapper.java
[2020-05-29 10:33:24] [INFO] [  mapper  ] 开始生成：/Users/wuzhiqiang/Desktop/java_file_creator/dist/mapper/Dev_actionMapper.java
[2020-05-29 10:33:24] [INFO] [  mapper  ] 开始生成：/Users/wuzhiqiang/Desktop/java_file_creator/dist/mapper/Dev_connectMapper.java
[2020-05-29 10:33:24] [INFO] [  mapper  ] 开始生成：/Users/wuzhiqiang/Desktop/java_file_creator/dist/mapper/Rfid_changeMapper.java
[2020-05-29 10:33:24] [INFO] [  mapper  ] 开始生成：/Users/wuzhiqiang/Desktop/java_file_creator/dist/mapper/Msg_logMapper.java
[2020-05-29 10:33:24] [INFO] [INFO] 
[2020-05-29 10:33:24] [INFO] [ provider ] ============= 生成 java providers ================
[2020-05-29 10:33:24] [INFO] [ provider ] 开始生成：/Users/wuzhiqiang/Desktop/java_file_creator/dist/provider/DevProvider.java
[2020-05-29 10:33:24] [INFO] [ provider ] 开始生成：/Users/wuzhiqiang/Desktop/java_file_creator/dist/provider/Dev_updateProvider.java
[2020-05-29 10:33:24] [INFO] [ provider ] 开始生成：/Users/wuzhiqiang/Desktop/java_file_creator/dist/provider/Dev_infoProvider.java
[2020-05-29 10:33:24] [INFO] [ provider ] 开始生成：/Users/wuzhiqiang/Desktop/java_file_creator/dist/provider/Email_sendProvider.java
[2020-05-29 10:33:24] [INFO] [ provider ] 开始生成：/Users/wuzhiqiang/Desktop/java_file_creator/dist/provider/RfidProvider.java
[2020-05-29 10:33:24] [INFO] [ provider ] 开始生成：/Users/wuzhiqiang/Desktop/java_file_creator/dist/provider/AreaProvider.java
[2020-05-29 10:33:24] [INFO] [ provider ] 开始生成：/Users/wuzhiqiang/Desktop/java_file_creator/dist/provider/Admin_dev_linkProvider.java
[2020-05-29 10:33:24] [INFO] [ provider ] 开始生成：/Users/wuzhiqiang/Desktop/java_file_creator/dist/provider/Admin_linkProvider.java
[2020-05-29 10:33:24] [INFO] [ provider ] 开始生成：/Users/wuzhiqiang/Desktop/java_file_creator/dist/provider/Mp_dev_linkProvider.java
[2020-05-29 10:33:24] [INFO] [ provider ] 开始生成：/Users/wuzhiqiang/Desktop/java_file_creator/dist/provider/Mp_linkProvider.java
[2020-05-29 10:33:24] [INFO] [ provider ] 开始生成：/Users/wuzhiqiang/Desktop/java_file_creator/dist/provider/Dev_versionProvider.java
[2020-05-29 10:33:24] [INFO] [ provider ] 开始生成：/Users/wuzhiqiang/Desktop/java_file_creator/dist/provider/Mp_user_shareProvider.java
[2020-05-29 10:33:24] [INFO] [ provider ] 开始生成：/Users/wuzhiqiang/Desktop/java_file_creator/dist/provider/ProvinceProvider.java
[2020-05-29 10:33:24] [INFO] [ provider ] 开始生成：/Users/wuzhiqiang/Desktop/java_file_creator/dist/provider/CityProvider.java
[2020-05-29 10:33:24] [INFO] [ provider ] 开始生成：/Users/wuzhiqiang/Desktop/java_file_creator/dist/provider/SectionProvider.java
[2020-05-29 10:33:24] [INFO] [ provider ] 开始生成：/Users/wuzhiqiang/Desktop/java_file_creator/dist/provider/SmsProvider.java
[2020-05-29 10:33:24] [INFO] [ provider ] 开始生成：/Users/wuzhiqiang/Desktop/java_file_creator/dist/provider/ApiProvider.java
[2020-05-29 10:33:24] [INFO] [ provider ] 开始生成：/Users/wuzhiqiang/Desktop/java_file_creator/dist/provider/Api_linkProvider.java
[2020-05-29 10:33:24] [INFO] [ provider ] 开始生成：/Users/wuzhiqiang/Desktop/java_file_creator/dist/provider/RoleProvider.java
[2020-05-29 10:33:24] [INFO] [ provider ] 开始生成：/Users/wuzhiqiang/Desktop/java_file_creator/dist/provider/Admin_userProvider.java
[2020-05-29 10:33:24] [INFO] [ provider ] 开始生成：/Users/wuzhiqiang/Desktop/java_file_creator/dist/provider/Mp_userProvider.java
[2020-05-29 10:33:24] [INFO] [ provider ] 开始生成：/Users/wuzhiqiang/Desktop/java_file_creator/dist/provider/Dev_repairProvider.java
[2020-05-29 10:33:24] [INFO] [ provider ] 开始生成：/Users/wuzhiqiang/Desktop/java_file_creator/dist/provider/Dev_repair_linkProvider.java
[2020-05-29 10:33:24] [INFO] [ provider ] 开始生成：/Users/wuzhiqiang/Desktop/java_file_creator/dist/provider/Dev_answerProvider.java
[2020-05-29 10:33:24] [INFO] [ provider ] 开始生成：/Users/wuzhiqiang/Desktop/java_file_creator/dist/provider/Dev_update_msgProvider.java
[2020-05-29 10:33:24] [INFO] [ provider ] 开始生成：/Users/wuzhiqiang/Desktop/java_file_creator/dist/provider/Dev_msgProvider.java
[2020-05-29 10:33:24] [INFO] [ provider ] 开始生成：/Users/wuzhiqiang/Desktop/java_file_creator/dist/provider/Dev_cmdProvider.java
[2020-05-29 10:33:24] [INFO] [ provider ] 开始生成：/Users/wuzhiqiang/Desktop/java_file_creator/dist/provider/Dev_alarmProvider.java
[2020-05-29 10:33:24] [INFO] [ provider ] 开始生成：/Users/wuzhiqiang/Desktop/java_file_creator/dist/provider/Dev_actionProvider.java
[2020-05-29 10:33:24] [INFO] [ provider ] 开始生成：/Users/wuzhiqiang/Desktop/java_file_creator/dist/provider/Dev_connectProvider.java
[2020-05-29 10:33:24] [INFO] [ provider ] 开始生成：/Users/wuzhiqiang/Desktop/java_file_creator/dist/provider/Rfid_changeProvider.java
[2020-05-29 10:33:24] [INFO] [ provider ] 开始生成：/Users/wuzhiqiang/Desktop/java_file_creator/dist/provider/Msg_logProvider.java
[2020-05-29 10:33:24] [INFO] [INFO] 
[2020-05-29 10:33:24] [INFO] [  model   ] ============= 生成 java models ================
[2020-05-29 10:33:24] [INFO] [  model   ] 开始生成：/Users/wuzhiqiang/Desktop/java_file_creator/dist/model/Dev.java
[2020-05-29 10:33:24] [INFO] [  model   ] 开始生成：/Users/wuzhiqiang/Desktop/java_file_creator/dist/model/Dev_update.java
[2020-05-29 10:33:24] [INFO] [  model   ] 开始生成：/Users/wuzhiqiang/Desktop/java_file_creator/dist/model/Dev_info.java
[2020-05-29 10:33:24] [INFO] [  model   ] 开始生成：/Users/wuzhiqiang/Desktop/java_file_creator/dist/model/Email_send.java
[2020-05-29 10:33:24] [INFO] [  model   ] 开始生成：/Users/wuzhiqiang/Desktop/java_file_creator/dist/model/Rfid.java
[2020-05-29 10:33:24] [INFO] [  model   ] 开始生成：/Users/wuzhiqiang/Desktop/java_file_creator/dist/model/Area.java
[2020-05-29 10:33:24] [INFO] [  model   ] 开始生成：/Users/wuzhiqiang/Desktop/java_file_creator/dist/model/Admin_dev_link.java
[2020-05-29 10:33:24] [INFO] [  model   ] 开始生成：/Users/wuzhiqiang/Desktop/java_file_creator/dist/model/Admin_link.java
[2020-05-29 10:33:24] [INFO] [  model   ] 开始生成：/Users/wuzhiqiang/Desktop/java_file_creator/dist/model/Mp_dev_link.java
[2020-05-29 10:33:24] [INFO] [  model   ] 开始生成：/Users/wuzhiqiang/Desktop/java_file_creator/dist/model/Mp_link.java
[2020-05-29 10:33:24] [INFO] [  model   ] 开始生成：/Users/wuzhiqiang/Desktop/java_file_creator/dist/model/Dev_version.java
[2020-05-29 10:33:24] [INFO] [  model   ] 开始生成：/Users/wuzhiqiang/Desktop/java_file_creator/dist/model/Mp_user_share.java
[2020-05-29 10:33:24] [INFO] [  model   ] 开始生成：/Users/wuzhiqiang/Desktop/java_file_creator/dist/model/Province.java
[2020-05-29 10:33:24] [INFO] [  model   ] 开始生成：/Users/wuzhiqiang/Desktop/java_file_creator/dist/model/City.java
[2020-05-29 10:33:24] [INFO] [  model   ] 开始生成：/Users/wuzhiqiang/Desktop/java_file_creator/dist/model/Section.java
[2020-05-29 10:33:24] [INFO] [  model   ] 开始生成：/Users/wuzhiqiang/Desktop/java_file_creator/dist/model/Sms.java
[2020-05-29 10:33:24] [INFO] [  model   ] 开始生成：/Users/wuzhiqiang/Desktop/java_file_creator/dist/model/Api.java
[2020-05-29 10:33:24] [INFO] [  model   ] 开始生成：/Users/wuzhiqiang/Desktop/java_file_creator/dist/model/Api_link.java
[2020-05-29 10:33:24] [INFO] [  model   ] 开始生成：/Users/wuzhiqiang/Desktop/java_file_creator/dist/model/Role.java
[2020-05-29 10:33:24] [INFO] [  model   ] 开始生成：/Users/wuzhiqiang/Desktop/java_file_creator/dist/model/Admin_user.java
[2020-05-29 10:33:24] [INFO] [  model   ] 开始生成：/Users/wuzhiqiang/Desktop/java_file_creator/dist/model/Mp_user.java
[2020-05-29 10:33:24] [INFO] [  model   ] 开始生成：/Users/wuzhiqiang/Desktop/java_file_creator/dist/model/Dev_repair.java
[2020-05-29 10:33:24] [INFO] [  model   ] 开始生成：/Users/wuzhiqiang/Desktop/java_file_creator/dist/model/Dev_repair_link.java
[2020-05-29 10:33:24] [INFO] [  model   ] 开始生成：/Users/wuzhiqiang/Desktop/java_file_creator/dist/model/Dev_answer.java
[2020-05-29 10:33:24] [INFO] [  model   ] 开始生成：/Users/wuzhiqiang/Desktop/java_file_creator/dist/model/Dev_update_msg.java
[2020-05-29 10:33:24] [INFO] [  model   ] 开始生成：/Users/wuzhiqiang/Desktop/java_file_creator/dist/model/Dev_msg.java
[2020-05-29 10:33:24] [INFO] [  model   ] 开始生成：/Users/wuzhiqiang/Desktop/java_file_creator/dist/model/Dev_cmd.java
[2020-05-29 10:33:24] [INFO] [  model   ] 开始生成：/Users/wuzhiqiang/Desktop/java_file_creator/dist/model/Dev_alarm.java
[2020-05-29 10:33:24] [INFO] [  model   ] 开始生成：/Users/wuzhiqiang/Desktop/java_file_creator/dist/model/Dev_action.java
[2020-05-29 10:33:24] [INFO] [  model   ] 开始生成：/Users/wuzhiqiang/Desktop/java_file_creator/dist/model/Dev_connect.java
[2020-05-29 10:33:24] [INFO] [  model   ] 开始生成：/Users/wuzhiqiang/Desktop/java_file_creator/dist/model/Rfid_change.java
[2020-05-29 10:33:24] [INFO] [  model   ] 开始生成：/Users/wuzhiqiang/Desktop/java_file_creator/dist/model/Msg_log.java
[2020-05-29 10:43:03] [ERROR] [错误] 未指定路径！ 
    callpath: 
        /Users/wuzhiqiang/Desktop/java_file_creator/_cmd.py(554) -> <module> 
        /Users/wuzhiqiang/Desktop/java_file_creator/file_manager.py(49) -> error 

[2020-05-29 10:44:22] [INFO] [INFO] 
[2020-05-29 10:44:22] [INFO] [controller] ============= 生成 java controller ================
[2020-05-29 10:44:22] [INFO] [controller] 开始生成：/Users/wuzhiqiang/Desktop/java_file_creator/dist/controller/DevController.java
[2020-05-29 10:44:22] [INFO] [controller] 开始生成：/Users/wuzhiqiang/Desktop/java_file_creator/dist/controller/Dev_updateController.java
[2020-05-29 10:44:22] [INFO] [controller] 开始生成：/Users/wuzhiqiang/Desktop/java_file_creator/dist/controller/Dev_infoController.java
[2020-05-29 10:44:22] [INFO] [controller] 开始生成：/Users/wuzhiqiang/Desktop/java_file_creator/dist/controller/Email_sendController.java
[2020-05-29 10:44:22] [INFO] [controller] 开始生成：/Users/wuzhiqiang/Desktop/java_file_creator/dist/controller/RfidController.java
[2020-05-29 10:44:22] [INFO] [controller] 开始生成：/Users/wuzhiqiang/Desktop/java_file_creator/dist/controller/AreaController.java
[2020-05-29 10:44:22] [INFO] [controller] 开始生成：/Users/wuzhiqiang/Desktop/java_file_creator/dist/controller/Admin_dev_linkController.java
[2020-05-29 10:44:22] [INFO] [controller] 开始生成：/Users/wuzhiqiang/Desktop/java_file_creator/dist/controller/Admin_linkController.java
[2020-05-29 10:44:22] [INFO] [controller] 开始生成：/Users/wuzhiqiang/Desktop/java_file_creator/dist/controller/Mp_dev_linkController.java
[2020-05-29 10:44:22] [INFO] [controller] 开始生成：/Users/wuzhiqiang/Desktop/java_file_creator/dist/controller/Mp_linkController.java
[2020-05-29 10:44:22] [INFO] [controller] 开始生成：/Users/wuzhiqiang/Desktop/java_file_creator/dist/controller/Dev_versionController.java
[2020-05-29 10:44:22] [INFO] [controller] 开始生成：/Users/wuzhiqiang/Desktop/java_file_creator/dist/controller/Mp_user_shareController.java
[2020-05-29 10:44:22] [INFO] [controller] 开始生成：/Users/wuzhiqiang/Desktop/java_file_creator/dist/controller/ProvinceController.java
[2020-05-29 10:44:22] [INFO] [controller] 开始生成：/Users/wuzhiqiang/Desktop/java_file_creator/dist/controller/CityController.java
[2020-05-29 10:44:22] [INFO] [controller] 开始生成：/Users/wuzhiqiang/Desktop/java_file_creator/dist/controller/SectionController.java
[2020-05-29 10:44:22] [INFO] [controller] 开始生成：/Users/wuzhiqiang/Desktop/java_file_creator/dist/controller/SmsController.java
[2020-05-29 10:44:22] [INFO] [controller] 开始生成：/Users/wuzhiqiang/Desktop/java_file_creator/dist/controller/ApiController.java
[2020-05-29 10:44:22] [INFO] [controller] 开始生成：/Users/wuzhiqiang/Desktop/java_file_creator/dist/controller/Api_linkController.java
[2020-05-29 10:44:22] [INFO] [controller] 开始生成：/Users/wuzhiqiang/Desktop/java_file_creator/dist/controller/RoleController.java
[2020-05-29 10:44:22] [INFO] [controller] 开始生成：/Users/wuzhiqiang/Desktop/java_file_creator/dist/controller/Admin_userController.java
[2020-05-29 10:44:22] [INFO] [controller] 开始生成：/Users/wuzhiqiang/Desktop/java_file_creator/dist/controller/Mp_userController.java
[2020-05-29 10:44:22] [INFO] [controller] 开始生成：/Users/wuzhiqiang/Desktop/java_file_creator/dist/controller/Dev_repairController.java
[2020-05-29 10:44:22] [INFO] [controller] 开始生成：/Users/wuzhiqiang/Desktop/java_file_creator/dist/controller/Dev_repair_linkController.java
[2020-05-29 10:44:22] [INFO] [controller] 开始生成：/Users/wuzhiqiang/Desktop/java_file_creator/dist/controller/Dev_answerController.java
[2020-05-29 10:44:22] [INFO] [controller] 开始生成：/Users/wuzhiqiang/Desktop/java_file_creator/dist/controller/Dev_update_msgController.java
[2020-05-29 10:44:22] [INFO] [controller] 开始生成：/Users/wuzhiqiang/Desktop/java_file_creator/dist/controller/Dev_msgController.java
[2020-05-29 10:44:22] [INFO] [controller] 开始生成：/Users/wuzhiqiang/Desktop/java_file_creator/dist/controller/Dev_cmdController.java
[2020-05-29 10:44:22] [INFO] [controller] 开始生成：/Users/wuzhiqiang/Desktop/java_file_creator/dist/controller/Dev_alarmController.java
[2020-05-29 10:44:22] [INFO] [controller] 开始生成：/Users/wuzhiqiang/Desktop/java_file_creator/dist/controller/Dev_actionController.java
[2020-05-29 10:44:22] [INFO] [controller] 开始生成：/Users/wuzhiqiang/Desktop/java_file_creator/dist/controller/Dev_connectController.java
[2020-05-29 10:44:22] [INFO] [controller] 开始生成：/Users/wuzhiqiang/Desktop/java_file_creator/dist/controller/Rfid_changeController.java
[2020-05-29 10:44:22] [INFO] [controller] 开始生成：/Users/wuzhiqiang/Desktop/java_file_creator/dist/controller/Msg_logController.java
[2020-05-29 10:44:22] [INFO] [INFO] 
[2020-05-29 10:44:22] [INFO] [repository] ============= 生成 java repositories ================
[2020-05-29 10:44:22] [INFO] [repository] 开始生成：/Users/wuzhiqiang/Desktop/java_file_creator/dist/repository/DevRepository.java
[2020-05-29 10:44:22] [INFO] [repository] 开始生成：/Users/wuzhiqiang/Desktop/java_file_creator/dist/repository/Dev_updateRepository.java
[2020-05-29 10:44:22] [INFO] [repository] 开始生成：/Users/wuzhiqiang/Desktop/java_file_creator/dist/repository/Dev_infoRepository.java
[2020-05-29 10:44:22] [INFO] [repository] 开始生成：/Users/wuzhiqiang/Desktop/java_file_creator/dist/repository/Email_sendRepository.java
[2020-05-29 10:44:22] [INFO] [repository] 开始生成：/Users/wuzhiqiang/Desktop/java_file_creator/dist/repository/RfidRepository.java
[2020-05-29 10:44:22] [INFO] [repository] 开始生成：/Users/wuzhiqiang/Desktop/java_file_creator/dist/repository/AreaRepository.java
[2020-05-29 10:44:22] [INFO] [repository] 开始生成：/Users/wuzhiqiang/Desktop/java_file_creator/dist/repository/Admin_dev_linkRepository.java
[2020-05-29 10:44:22] [INFO] [repository] 开始生成：/Users/wuzhiqiang/Desktop/java_file_creator/dist/repository/Admin_linkRepository.java
[2020-05-29 10:44:22] [INFO] [repository] 开始生成：/Users/wuzhiqiang/Desktop/java_file_creator/dist/repository/Mp_dev_linkRepository.java
[2020-05-29 10:44:22] [INFO] [repository] 开始生成：/Users/wuzhiqiang/Desktop/java_file_creator/dist/repository/Mp_linkRepository.java
[2020-05-29 10:44:22] [INFO] [repository] 开始生成：/Users/wuzhiqiang/Desktop/java_file_creator/dist/repository/Dev_versionRepository.java
[2020-05-29 10:44:22] [INFO] [repository] 开始生成：/Users/wuzhiqiang/Desktop/java_file_creator/dist/repository/Mp_user_shareRepository.java
[2020-05-29 10:44:22] [INFO] [repository] 开始生成：/Users/wuzhiqiang/Desktop/java_file_creator/dist/repository/ProvinceRepository.java
[2020-05-29 10:44:22] [INFO] [repository] 开始生成：/Users/wuzhiqiang/Desktop/java_file_creator/dist/repository/CityRepository.java
[2020-05-29 10:44:22] [INFO] [repository] 开始生成：/Users/wuzhiqiang/Desktop/java_file_creator/dist/repository/SectionRepository.java
[2020-05-29 10:44:22] [INFO] [repository] 开始生成：/Users/wuzhiqiang/Desktop/java_file_creator/dist/repository/SmsRepository.java
[2020-05-29 10:44:22] [INFO] [repository] 开始生成：/Users/wuzhiqiang/Desktop/java_file_creator/dist/repository/ApiRepository.java
[2020-05-29 10:44:22] [INFO] [repository] 开始生成：/Users/wuzhiqiang/Desktop/java_file_creator/dist/repository/Api_linkRepository.java
[2020-05-29 10:44:22] [INFO] [repository] 开始生成：/Users/wuzhiqiang/Desktop/java_file_creator/dist/repository/RoleRepository.java
[2020-05-29 10:44:22] [INFO] [repository] 开始生成：/Users/wuzhiqiang/Desktop/java_file_creator/dist/repository/Admin_userRepository.java
[2020-05-29 10:44:22] [INFO] [repository] 开始生成：/Users/wuzhiqiang/Desktop/java_file_creator/dist/repository/Mp_userRepository.java
[2020-05-29 10:44:22] [INFO] [repository] 开始生成：/Users/wuzhiqiang/Desktop/java_file_creator/dist/repository/Dev_repairRepository.java
[2020-05-29 10:44:22] [INFO] [repository] 开始生成：/Users/wuzhiqiang/Desktop/java_file_creator/dist/repository/Dev_repair_linkRepository.java
[2020-05-29 10:44:22] [INFO] [repository] 开始生成：/Users/wuzhiqiang/Desktop/java_file_creator/dist/repository/Dev_answerRepository.java
[2020-05-29 10:44:22] [INFO] [repository] 开始生成：/Users/wuzhiqiang/Desktop/java_file_creator/dist/repository/Dev_update_msgRepository.java
[2020-05-29 10:44:22] [INFO] [repository] 开始生成：/Users/wuzhiqiang/Desktop/java_file_creator/dist/repository/Dev_msgRepository.java
[2020-05-29 10:44:22] [INFO] [repository] 开始生成：/Users/wuzhiqiang/Desktop/java_file_creator/dist/repository/Dev_cmdRepository.java
[2020-05-29 10:44:22] [INFO] [repository] 开始生成：/Users/wuzhiqiang/Desktop/java_file_creator/dist/repository/Dev_alarmRepository.java
[2020-05-29 10:44:22] [INFO] [repository] 开始生成：/Users/wuzhiqiang/Desktop/java_file_creator/dist/repository/Dev_actionRepository.java
[2020-05-29 10:44:22] [INFO] [repository] 开始生成：/Users/wuzhiqiang/Desktop/java_file_creator/dist/repository/Dev_connectRepository.java
[2020-05-29 10:44:22] [INFO] [repository] 开始生成：/Users/wuzhiqiang/Desktop/java_file_creator/dist/repository/Rfid_changeRepository.java
[2020-05-29 10:44:22] [INFO] [repository] 开始生成：/Users/wuzhiqiang/Desktop/java_file_creator/dist/repository/Msg_logRepository.java
[2020-05-29 10:44:22] [INFO] [INFO] 
[2020-05-29 10:44:22] [INFO] [  mapper  ] ============= 生成 java mappers ================
[2020-05-29 10:44:22] [INFO] [  mapper  ] 开始生成：/Users/wuzhiqiang/Desktop/java_file_creator/dist/mapper/DevMapper.java
[2020-05-29 10:44:22] [INFO] [  mapper  ] 开始生成：/Users/wuzhiqiang/Desktop/java_file_creator/dist/mapper/Dev_updateMapper.java
[2020-05-29 10:44:22] [INFO] [  mapper  ] 开始生成：/Users/wuzhiqiang/Desktop/java_file_creator/dist/mapper/Dev_infoMapper.java
[2020-05-29 10:44:22] [INFO] [  mapper  ] 开始生成：/Users/wuzhiqiang/Desktop/java_file_creator/dist/mapper/Email_sendMapper.java
[2020-05-29 10:44:22] [INFO] [  mapper  ] 开始生成：/Users/wuzhiqiang/Desktop/java_file_creator/dist/mapper/RfidMapper.java
[2020-05-29 10:44:22] [INFO] [  mapper  ] 开始生成：/Users/wuzhiqiang/Desktop/java_file_creator/dist/mapper/AreaMapper.java
[2020-05-29 10:44:22] [INFO] [  mapper  ] 开始生成：/Users/wuzhiqiang/Desktop/java_file_creator/dist/mapper/Admin_dev_linkMapper.java
[2020-05-29 10:44:22] [INFO] [  mapper  ] 开始生成：/Users/wuzhiqiang/Desktop/java_file_creator/dist/mapper/Admin_linkMapper.java
[2020-05-29 10:44:22] [INFO] [  mapper  ] 开始生成：/Users/wuzhiqiang/Desktop/java_file_creator/dist/mapper/Mp_dev_linkMapper.java
[2020-05-29 10:44:22] [INFO] [  mapper  ] 开始生成：/Users/wuzhiqiang/Desktop/java_file_creator/dist/mapper/Mp_linkMapper.java
[2020-05-29 10:44:22] [INFO] [  mapper  ] 开始生成：/Users/wuzhiqiang/Desktop/java_file_creator/dist/mapper/Dev_versionMapper.java
[2020-05-29 10:44:22] [INFO] [  mapper  ] 开始生成：/Users/wuzhiqiang/Desktop/java_file_creator/dist/mapper/Mp_user_shareMapper.java
[2020-05-29 10:44:22] [INFO] [  mapper  ] 开始生成：/Users/wuzhiqiang/Desktop/java_file_creator/dist/mapper/ProvinceMapper.java
[2020-05-29 10:44:22] [INFO] [  mapper  ] 开始生成：/Users/wuzhiqiang/Desktop/java_file_creator/dist/mapper/CityMapper.java
[2020-05-29 10:44:22] [INFO] [  mapper  ] 开始生成：/Users/wuzhiqiang/Desktop/java_file_creator/dist/mapper/SectionMapper.java
[2020-05-29 10:44:22] [INFO] [  mapper  ] 开始生成：/Users/wuzhiqiang/Desktop/java_file_creator/dist/mapper/SmsMapper.java
[2020-05-29 10:44:22] [INFO] [  mapper  ] 开始生成：/Users/wuzhiqiang/Desktop/java_file_creator/dist/mapper/ApiMapper.java
[2020-05-29 10:44:22] [INFO] [  mapper  ] 开始生成：/Users/wuzhiqiang/Desktop/java_file_creator/dist/mapper/Api_linkMapper.java
[2020-05-29 10:44:22] [INFO] [  mapper  ] 开始生成：/Users/wuzhiqiang/Desktop/java_file_creator/dist/mapper/RoleMapper.java
[2020-05-29 10:44:22] [INFO] [  mapper  ] 开始生成：/Users/wuzhiqiang/Desktop/java_file_creator/dist/mapper/Admin_userMapper.java
[2020-05-29 10:44:22] [INFO] [  mapper  ] 开始生成：/Users/wuzhiqiang/Desktop/java_file_creator/dist/mapper/Mp_userMapper.java
[2020-05-29 10:44:22] [INFO] [  mapper  ] 开始生成：/Users/wuzhiqiang/Desktop/java_file_creator/dist/mapper/Dev_repairMapper.java
[2020-05-29 10:44:22] [INFO] [  mapper  ] 开始生成：/Users/wuzhiqiang/Desktop/java_file_creator/dist/mapper/Dev_repair_linkMapper.java
[2020-05-29 10:44:22] [INFO] [  mapper  ] 开始生成：/Users/wuzhiqiang/Desktop/java_file_creator/dist/mapper/Dev_answerMapper.java
[2020-05-29 10:44:22] [INFO] [  mapper  ] 开始生成：/Users/wuzhiqiang/Desktop/java_file_creator/dist/mapper/Dev_update_msgMapper.java
[2020-05-29 10:44:22] [INFO] [  mapper  ] 开始生成：/Users/wuzhiqiang/Desktop/java_file_creator/dist/mapper/Dev_msgMapper.java
[2020-05-29 10:44:22] [INFO] [  mapper  ] 开始生成：/Users/wuzhiqiang/Desktop/java_file_creator/dist/mapper/Dev_cmdMapper.java
[2020-05-29 10:44:22] [INFO] [  mapper  ] 开始生成：/Users/wuzhiqiang/Desktop/java_file_creator/dist/mapper/Dev_alarmMapper.java
[2020-05-29 10:44:22] [INFO] [  mapper  ] 开始生成：/Users/wuzhiqiang/Desktop/java_file_creator/dist/mapper/Dev_actionMapper.java
[2020-05-29 10:44:22] [INFO] [  mapper  ] 开始生成：/Users/wuzhiqiang/Desktop/java_file_creator/dist/mapper/Dev_connectMapper.java
[2020-05-29 10:44:22] [INFO] [  mapper  ] 开始生成：/Users/wuzhiqiang/Desktop/java_file_creator/dist/mapper/Rfid_changeMapper.java
[2020-05-29 10:44:22] [INFO] [  mapper  ] 开始生成：/Users/wuzhiqiang/Desktop/java_file_creator/dist/mapper/Msg_logMapper.java
[2020-05-29 10:44:22] [INFO] [INFO] 
[2020-05-29 10:44:22] [INFO] [ provider ] ============= 生成 java providers ================
[2020-05-29 10:44:22] [INFO] [ provider ] 开始生成：/Users/wuzhiqiang/Desktop/java_file_creator/dist/provider/DevProvider.java
[2020-05-29 10:44:22] [INFO] [ provider ] 开始生成：/Users/wuzhiqiang/Desktop/java_file_creator/dist/provider/Dev_updateProvider.java
[2020-05-29 10:44:22] [INFO] [ provider ] 开始生成：/Users/wuzhiqiang/Desktop/java_file_creator/dist/provider/Dev_infoProvider.java
[2020-05-29 10:44:22] [INFO] [ provider ] 开始生成：/Users/wuzhiqiang/Desktop/java_file_creator/dist/provider/Email_sendProvider.java
[2020-05-29 10:44:22] [INFO] [ provider ] 开始生成：/Users/wuzhiqiang/Desktop/java_file_creator/dist/provider/RfidProvider.java
[2020-05-29 10:44:22] [INFO] [ provider ] 开始生成：/Users/wuzhiqiang/Desktop/java_file_creator/dist/provider/AreaProvider.java
[2020-05-29 10:44:22] [INFO] [ provider ] 开始生成：/Users/wuzhiqiang/Desktop/java_file_creator/dist/provider/Admin_dev_linkProvider.java
[2020-05-29 10:44:22] [INFO] [ provider ] 开始生成：/Users/wuzhiqiang/Desktop/java_file_creator/dist/provider/Admin_linkProvider.java
[2020-05-29 10:44:22] [INFO] [ provider ] 开始生成：/Users/wuzhiqiang/Desktop/java_file_creator/dist/provider/Mp_dev_linkProvider.java
[2020-05-29 10:44:22] [INFO] [ provider ] 开始生成：/Users/wuzhiqiang/Desktop/java_file_creator/dist/provider/Mp_linkProvider.java
[2020-05-29 10:44:22] [INFO] [ provider ] 开始生成：/Users/wuzhiqiang/Desktop/java_file_creator/dist/provider/Dev_versionProvider.java
[2020-05-29 10:44:22] [INFO] [ provider ] 开始生成：/Users/wuzhiqiang/Desktop/java_file_creator/dist/provider/Mp_user_shareProvider.java
[2020-05-29 10:44:22] [INFO] [ provider ] 开始生成：/Users/wuzhiqiang/Desktop/java_file_creator/dist/provider/ProvinceProvider.java
[2020-05-29 10:44:22] [INFO] [ provider ] 开始生成：/Users/wuzhiqiang/Desktop/java_file_creator/dist/provider/CityProvider.java
[2020-05-29 10:44:22] [INFO] [ provider ] 开始生成：/Users/wuzhiqiang/Desktop/java_file_creator/dist/provider/SectionProvider.java
[2020-05-29 10:44:22] [INFO] [ provider ] 开始生成：/Users/wuzhiqiang/Desktop/java_file_creator/dist/provider/SmsProvider.java
[2020-05-29 10:44:22] [INFO] [ provider ] 开始生成：/Users/wuzhiqiang/Desktop/java_file_creator/dist/provider/ApiProvider.java
[2020-05-29 10:44:22] [INFO] [ provider ] 开始生成：/Users/wuzhiqiang/Desktop/java_file_creator/dist/provider/Api_linkProvider.java
[2020-05-29 10:44:22] [INFO] [ provider ] 开始生成：/Users/wuzhiqiang/Desktop/java_file_creator/dist/provider/RoleProvider.java
[2020-05-29 10:44:22] [INFO] [ provider ] 开始生成：/Users/wuzhiqiang/Desktop/java_file_creator/dist/provider/Admin_userProvider.java
[2020-05-29 10:44:22] [INFO] [ provider ] 开始生成：/Users/wuzhiqiang/Desktop/java_file_creator/dist/provider/Mp_userProvider.java
[2020-05-29 10:44:22] [INFO] [ provider ] 开始生成：/Users/wuzhiqiang/Desktop/java_file_creator/dist/provider/Dev_repairProvider.java
[2020-05-29 10:44:22] [INFO] [ provider ] 开始生成：/Users/wuzhiqiang/Desktop/java_file_creator/dist/provider/Dev_repair_linkProvider.java
[2020-05-29 10:44:22] [INFO] [ provider ] 开始生成：/Users/wuzhiqiang/Desktop/java_file_creator/dist/provider/Dev_answerProvider.java
[2020-05-29 10:44:22] [INFO] [ provider ] 开始生成：/Users/wuzhiqiang/Desktop/java_file_creator/dist/provider/Dev_update_msgProvider.java
[2020-05-29 10:44:22] [INFO] [ provider ] 开始生成：/Users/wuzhiqiang/Desktop/java_file_creator/dist/provider/Dev_msgProvider.java
[2020-05-29 10:44:22] [INFO] [ provider ] 开始生成：/Users/wuzhiqiang/Desktop/java_file_creator/dist/provider/Dev_cmdProvider.java
[2020-05-29 10:44:22] [INFO] [ provider ] 开始生成：/Users/wuzhiqiang/Desktop/java_file_creator/dist/provider/Dev_alarmProvider.java
[2020-05-29 10:44:22] [INFO] [ provider ] 开始生成：/Users/wuzhiqiang/Desktop/java_file_creator/dist/provider/Dev_actionProvider.java
[2020-05-29 10:44:22] [INFO] [ provider ] 开始生成：/Users/wuzhiqiang/Desktop/java_file_creator/dist/provider/Dev_connectProvider.java
[2020-05-29 10:44:22] [INFO] [ provider ] 开始生成：/Users/wuzhiqiang/Desktop/java_file_creator/dist/provider/Rfid_changeProvider.java
[2020-05-29 10:44:22] [INFO] [ provider ] 开始生成：/Users/wuzhiqiang/Desktop/java_file_creator/dist/provider/Msg_logProvider.java
[2020-05-29 10:44:22] [INFO] [INFO] 
[2020-05-29 10:44:22] [INFO] [  model   ] ============= 生成 java models ================
[2020-05-29 10:44:22] [INFO] [  model   ] 开始生成：/Users/wuzhiqiang/Desktop/java_file_creator/dist/model/Dev.java
[2020-05-29 10:44:22] [INFO] [  model   ] 开始生成：/Users/wuzhiqiang/Desktop/java_file_creator/dist/model/Dev_update.java
[2020-05-29 10:44:22] [INFO] [  model   ] 开始生成：/Users/wuzhiqiang/Desktop/java_file_creator/dist/model/Dev_info.java
[2020-05-29 10:44:22] [INFO] [  model   ] 开始生成：/Users/wuzhiqiang/Desktop/java_file_creator/dist/model/Email_send.java
[2020-05-29 10:44:22] [INFO] [  model   ] 开始生成：/Users/wuzhiqiang/Desktop/java_file_creator/dist/model/Rfid.java
[2020-05-29 10:44:22] [INFO] [  model   ] 开始生成：/Users/wuzhiqiang/Desktop/java_file_creator/dist/model/Area.java
[2020-05-29 10:44:22] [INFO] [  model   ] 开始生成：/Users/wuzhiqiang/Desktop/java_file_creator/dist/model/Admin_dev_link.java
[2020-05-29 10:44:22] [INFO] [  model   ] 开始生成：/Users/wuzhiqiang/Desktop/java_file_creator/dist/model/Admin_link.java
[2020-05-29 10:44:22] [INFO] [  model   ] 开始生成：/Users/wuzhiqiang/Desktop/java_file_creator/dist/model/Mp_dev_link.java
[2020-05-29 10:44:22] [INFO] [  model   ] 开始生成：/Users/wuzhiqiang/Desktop/java_file_creator/dist/model/Mp_link.java
[2020-05-29 10:44:22] [INFO] [  model   ] 开始生成：/Users/wuzhiqiang/Desktop/java_file_creator/dist/model/Dev_version.java
[2020-05-29 10:44:22] [INFO] [  model   ] 开始生成：/Users/wuzhiqiang/Desktop/java_file_creator/dist/model/Mp_user_share.java
[2020-05-29 10:44:22] [INFO] [  model   ] 开始生成：/Users/wuzhiqiang/Desktop/java_file_creator/dist/model/Province.java
[2020-05-29 10:44:22] [INFO] [  model   ] 开始生成：/Users/wuzhiqiang/Desktop/java_file_creator/dist/model/City.java
[2020-05-29 10:44:22] [INFO] [  model   ] 开始生成：/Users/wuzhiqiang/Desktop/java_file_creator/dist/model/Section.java
[2020-05-29 10:44:22] [INFO] [  model   ] 开始生成：/Users/wuzhiqiang/Desktop/java_file_creator/dist/model/Sms.java
[2020-05-29 10:44:22] [INFO] [  model   ] 开始生成：/Users/wuzhiqiang/Desktop/java_file_creator/dist/model/Api.java
[2020-05-29 10:44:22] [INFO] [  model   ] 开始生成：/Users/wuzhiqiang/Desktop/java_file_creator/dist/model/Api_link.java
[2020-05-29 10:44:22] [INFO] [  model   ] 开始生成：/Users/wuzhiqiang/Desktop/java_file_creator/dist/model/Role.java
[2020-05-29 10:44:22] [INFO] [  model   ] 开始生成：/Users/wuzhiqiang/Desktop/java_file_creator/dist/model/Admin_user.java
[2020-05-29 10:44:22] [INFO] [  model   ] 开始生成：/Users/wuzhiqiang/Desktop/java_file_creator/dist/model/Mp_user.java
[2020-05-29 10:44:22] [INFO] [  model   ] 开始生成：/Users/wuzhiqiang/Desktop/java_file_creator/dist/model/Dev_repair.java
[2020-05-29 10:44:22] [INFO] [  model   ] 开始生成：/Users/wuzhiqiang/Desktop/java_file_creator/dist/model/Dev_repair_link.java
[2020-05-29 10:44:22] [INFO] [  model   ] 开始生成：/Users/wuzhiqiang/Desktop/java_file_creator/dist/model/Dev_answer.java
[2020-05-29 10:44:22] [INFO] [  model   ] 开始生成：/Users/wuzhiqiang/Desktop/java_file_creator/dist/model/Dev_update_msg.java
[2020-05-29 10:44:22] [INFO] [  model   ] 开始生成：/Users/wuzhiqiang/Desktop/java_file_creator/dist/model/Dev_msg.java
[2020-05-29 10:44:22] [INFO] [  model   ] 开始生成：/Users/wuzhiqiang/Desktop/java_file_creator/dist/model/Dev_cmd.java
[2020-05-29 10:44:22] [INFO] [  model   ] 开始生成：/Users/wuzhiqiang/Desktop/java_file_creator/dist/model/Dev_alarm.java
[2020-05-29 10:44:22] [INFO] [  model   ] 开始生成：/Users/wuzhiqiang/Desktop/java_file_creator/dist/model/Dev_action.java
[2020-05-29 10:44:22] [INFO] [  model   ] 开始生成：/Users/wuzhiqiang/Desktop/java_file_creator/dist/model/Dev_connect.java
[2020-05-29 10:44:22] [INFO] [  model   ] 开始生成：/Users/wuzhiqiang/Desktop/java_file_creator/dist/model/Rfid_change.java
[2020-05-29 10:44:22] [INFO] [  model   ] 开始生成：/Users/wuzhiqiang/Desktop/java_file_creator/dist/model/Msg_log.java
[2020-05-29 10:47:24] [INFO] [INFO] 
[2020-05-29 10:47:24] [INFO] [controller] ============= 生成 java controller ================
[2020-05-29 10:47:24] [INFO] [controller] 开始生成：/Users/wuzhiqiang/Desktop/java_file_creator/dist/controller/DevController.java
[2020-05-29 10:47:24] [INFO] [controller] 开始生成：/Users/wuzhiqiang/Desktop/java_file_creator/dist/controller/Dev_updateController.java
[2020-05-29 10:47:24] [INFO] [controller] 开始生成：/Users/wuzhiqiang/Desktop/java_file_creator/dist/controller/Dev_infoController.java
[2020-05-29 10:47:24] [INFO] [controller] 开始生成：/Users/wuzhiqiang/Desktop/java_file_creator/dist/controller/Email_sendController.java
[2020-05-29 10:47:24] [INFO] [controller] 开始生成：/Users/wuzhiqiang/Desktop/java_file_creator/dist/controller/RfidController.java
[2020-05-29 10:47:24] [INFO] [controller] 开始生成：/Users/wuzhiqiang/Desktop/java_file_creator/dist/controller/AreaController.java
[2020-05-29 10:47:24] [INFO] [controller] 开始生成：/Users/wuzhiqiang/Desktop/java_file_creator/dist/controller/Admin_dev_linkController.java
[2020-05-29 10:47:24] [INFO] [controller] 开始生成：/Users/wuzhiqiang/Desktop/java_file_creator/dist/controller/Admin_linkController.java
[2020-05-29 10:47:24] [INFO] [controller] 开始生成：/Users/wuzhiqiang/Desktop/java_file_creator/dist/controller/Mp_dev_linkController.java
[2020-05-29 10:47:24] [INFO] [controller] 开始生成：/Users/wuzhiqiang/Desktop/java_file_creator/dist/controller/Mp_linkController.java
[2020-05-29 10:47:24] [INFO] [controller] 开始生成：/Users/wuzhiqiang/Desktop/java_file_creator/dist/controller/Dev_versionController.java
[2020-05-29 10:47:24] [INFO] [controller] 开始生成：/Users/wuzhiqiang/Desktop/java_file_creator/dist/controller/Mp_user_shareController.java
[2020-05-29 10:47:24] [INFO] [controller] 开始生成：/Users/wuzhiqiang/Desktop/java_file_creator/dist/controller/ProvinceController.java
[2020-05-29 10:47:24] [INFO] [controller] 开始生成：/Users/wuzhiqiang/Desktop/java_file_creator/dist/controller/CityController.java
[2020-05-29 10:47:24] [INFO] [controller] 开始生成：/Users/wuzhiqiang/Desktop/java_file_creator/dist/controller/SectionController.java
[2020-05-29 10:47:24] [INFO] [controller] 开始生成：/Users/wuzhiqiang/Desktop/java_file_creator/dist/controller/SmsController.java
[2020-05-29 10:47:24] [INFO] [controller] 开始生成：/Users/wuzhiqiang/Desktop/java_file_creator/dist/controller/ApiController.java
[2020-05-29 10:47:24] [INFO] [controller] 开始生成：/Users/wuzhiqiang/Desktop/java_file_creator/dist/controller/Api_linkController.java
[2020-05-29 10:47:24] [INFO] [controller] 开始生成：/Users/wuzhiqiang/Desktop/java_file_creator/dist/controller/RoleController.java
[2020-05-29 10:47:24] [INFO] [controller] 开始生成：/Users/wuzhiqiang/Desktop/java_file_creator/dist/controller/Admin_userController.java
[2020-05-29 10:47:24] [INFO] [controller] 开始生成：/Users/wuzhiqiang/Desktop/java_file_creator/dist/controller/Mp_userController.java
[2020-05-29 10:47:24] [INFO] [controller] 开始生成：/Users/wuzhiqiang/Desktop/java_file_creator/dist/controller/Dev_repairController.java
[2020-05-29 10:47:24] [INFO] [controller] 开始生成：/Users/wuzhiqiang/Desktop/java_file_creator/dist/controller/Dev_repair_linkController.java
[2020-05-29 10:47:24] [INFO] [controller] 开始生成：/Users/wuzhiqiang/Desktop/java_file_creator/dist/controller/Dev_answerController.java
[2020-05-29 10:47:24] [INFO] [controller] 开始生成：/Users/wuzhiqiang/Desktop/java_file_creator/dist/controller/Dev_update_msgController.java
[2020-05-29 10:47:24] [INFO] [controller] 开始生成：/Users/wuzhiqiang/Desktop/java_file_creator/dist/controller/Dev_msgController.java
[2020-05-29 10:47:24] [INFO] [controller] 开始生成：/Users/wuzhiqiang/Desktop/java_file_creator/dist/controller/Dev_cmdController.java
[2020-05-29 10:47:24] [INFO] [controller] 开始生成：/Users/wuzhiqiang/Desktop/java_file_creator/dist/controller/Dev_alarmController.java
[2020-05-29 10:47:24] [INFO] [controller] 开始生成：/Users/wuzhiqiang/Desktop/java_file_creator/dist/controller/Dev_actionController.java
[2020-05-29 10:47:24] [INFO] [controller] 开始生成：/Users/wuzhiqiang/Desktop/java_file_creator/dist/controller/Dev_connectController.java
[2020-05-29 10:47:24] [INFO] [controller] 开始生成：/Users/wuzhiqiang/Desktop/java_file_creator/dist/controller/Rfid_changeController.java
[2020-05-29 10:47:24] [INFO] [controller] 开始生成：/Users/wuzhiqiang/Desktop/java_file_creator/dist/controller/Msg_logController.java
[2020-05-29 10:47:24] [INFO] [INFO] 
[2020-05-29 10:47:24] [INFO] [repository] ============= 生成 java repositories ================
[2020-05-29 10:47:24] [INFO] [repository] 开始生成：/Users/wuzhiqiang/Desktop/java_file_creator/dist/repository/DevRepository.java
[2020-05-29 10:47:24] [INFO] [repository] 开始生成：/Users/wuzhiqiang/Desktop/java_file_creator/dist/repository/Dev_updateRepository.java
[2020-05-29 10:47:24] [INFO] [repository] 开始生成：/Users/wuzhiqiang/Desktop/java_file_creator/dist/repository/Dev_infoRepository.java
[2020-05-29 10:47:24] [INFO] [repository] 开始生成：/Users/wuzhiqiang/Desktop/java_file_creator/dist/repository/Email_sendRepository.java
[2020-05-29 10:47:24] [INFO] [repository] 开始生成：/Users/wuzhiqiang/Desktop/java_file_creator/dist/repository/RfidRepository.java
[2020-05-29 10:47:24] [INFO] [repository] 开始生成：/Users/wuzhiqiang/Desktop/java_file_creator/dist/repository/AreaRepository.java
[2020-05-29 10:47:24] [INFO] [repository] 开始生成：/Users/wuzhiqiang/Desktop/java_file_creator/dist/repository/Admin_dev_linkRepository.java
[2020-05-29 10:47:24] [INFO] [repository] 开始生成：/Users/wuzhiqiang/Desktop/java_file_creator/dist/repository/Admin_linkRepository.java
[2020-05-29 10:47:24] [INFO] [repository] 开始生成：/Users/wuzhiqiang/Desktop/java_file_creator/dist/repository/Mp_dev_linkRepository.java
[2020-05-29 10:47:24] [INFO] [repository] 开始生成：/Users/wuzhiqiang/Desktop/java_file_creator/dist/repository/Mp_linkRepository.java
[2020-05-29 10:47:24] [INFO] [repository] 开始生成：/Users/wuzhiqiang/Desktop/java_file_creator/dist/repository/Dev_versionRepository.java
[2020-05-29 10:47:24] [INFO] [repository] 开始生成：/Users/wuzhiqiang/Desktop/java_file_creator/dist/repository/Mp_user_shareRepository.java
[2020-05-29 10:47:25] [INFO] [repository] 开始生成：/Users/wuzhiqiang/Desktop/java_file_creator/dist/repository/ProvinceRepository.java
[2020-05-29 10:47:25] [INFO] [repository] 开始生成：/Users/wuzhiqiang/Desktop/java_file_creator/dist/repository/CityRepository.java
[2020-05-29 10:47:25] [INFO] [repository] 开始生成：/Users/wuzhiqiang/Desktop/java_file_creator/dist/repository/SectionRepository.java
[2020-05-29 10:47:25] [INFO] [repository] 开始生成：/Users/wuzhiqiang/Desktop/java_file_creator/dist/repository/SmsRepository.java
[2020-05-29 10:47:25] [INFO] [repository] 开始生成：/Users/wuzhiqiang/Desktop/java_file_creator/dist/repository/ApiRepository.java
[2020-05-29 10:47:25] [INFO] [repository] 开始生成：/Users/wuzhiqiang/Desktop/java_file_creator/dist/repository/Api_linkRepository.java
[2020-05-29 10:47:25] [INFO] [repository] 开始生成：/Users/wuzhiqiang/Desktop/java_file_creator/dist/repository/RoleRepository.java
[2020-05-29 10:47:25] [INFO] [repository] 开始生成：/Users/wuzhiqiang/Desktop/java_file_creator/dist/repository/Admin_userRepository.java
[2020-05-29 10:47:25] [INFO] [repository] 开始生成：/Users/wuzhiqiang/Desktop/java_file_creator/dist/repository/Mp_userRepository.java
[2020-05-29 10:47:25] [INFO] [repository] 开始生成：/Users/wuzhiqiang/Desktop/java_file_creator/dist/repository/Dev_repairRepository.java
[2020-05-29 10:47:25] [INFO] [repository] 开始生成：/Users/wuzhiqiang/Desktop/java_file_creator/dist/repository/Dev_repair_linkRepository.java
[2020-05-29 10:47:25] [INFO] [repository] 开始生成：/Users/wuzhiqiang/Desktop/java_file_creator/dist/repository/Dev_answerRepository.java
[2020-05-29 10:47:25] [INFO] [repository] 开始生成：/Users/wuzhiqiang/Desktop/java_file_creator/dist/repository/Dev_update_msgRepository.java
[2020-05-29 10:47:25] [INFO] [repository] 开始生成：/Users/wuzhiqiang/Desktop/java_file_creator/dist/repository/Dev_msgRepository.java
[2020-05-29 10:47:25] [INFO] [repository] 开始生成：/Users/wuzhiqiang/Desktop/java_file_creator/dist/repository/Dev_cmdRepository.java
[2020-05-29 10:47:25] [INFO] [repository] 开始生成：/Users/wuzhiqiang/Desktop/java_file_creator/dist/repository/Dev_alarmRepository.java
[2020-05-29 10:47:25] [INFO] [repository] 开始生成：/Users/wuzhiqiang/Desktop/java_file_creator/dist/repository/Dev_actionRepository.java
[2020-05-29 10:47:25] [INFO] [repository] 开始生成：/Users/wuzhiqiang/Desktop/java_file_creator/dist/repository/Dev_connectRepository.java
[2020-05-29 10:47:25] [INFO] [repository] 开始生成：/Users/wuzhiqiang/Desktop/java_file_creator/dist/repository/Rfid_changeRepository.java
[2020-05-29 10:47:25] [INFO] [repository] 开始生成：/Users/wuzhiqiang/Desktop/java_file_creator/dist/repository/Msg_logRepository.java
[2020-05-29 10:47:25] [INFO] [INFO] 
[2020-05-29 10:47:25] [INFO] [  mapper  ] ============= 生成 java mappers ================
[2020-05-29 10:47:25] [INFO] [  mapper  ] 开始生成：/Users/wuzhiqiang/Desktop/java_file_creator/dist/mapper/DevMapper.java
[2020-05-29 10:47:25] [INFO] [  mapper  ] 开始生成：/Users/wuzhiqiang/Desktop/java_file_creator/dist/mapper/Dev_updateMapper.java
[2020-05-29 10:47:25] [INFO] [  mapper  ] 开始生成：/Users/wuzhiqiang/Desktop/java_file_creator/dist/mapper/Dev_infoMapper.java
[2020-05-29 10:47:25] [INFO] [  mapper  ] 开始生成：/Users/wuzhiqiang/Desktop/java_file_creator/dist/mapper/Email_sendMapper.java
[2020-05-29 10:47:25] [INFO] [  mapper  ] 开始生成：/Users/wuzhiqiang/Desktop/java_file_creator/dist/mapper/RfidMapper.java
[2020-05-29 10:47:25] [INFO] [  mapper  ] 开始生成：/Users/wuzhiqiang/Desktop/java_file_creator/dist/mapper/AreaMapper.java
[2020-05-29 10:47:25] [INFO] [  mapper  ] 开始生成：/Users/wuzhiqiang/Desktop/java_file_creator/dist/mapper/Admin_dev_linkMapper.java
[2020-05-29 10:47:25] [INFO] [  mapper  ] 开始生成：/Users/wuzhiqiang/Desktop/java_file_creator/dist/mapper/Admin_linkMapper.java
[2020-05-29 10:47:25] [INFO] [  mapper  ] 开始生成：/Users/wuzhiqiang/Desktop/java_file_creator/dist/mapper/Mp_dev_linkMapper.java
[2020-05-29 10:47:25] [INFO] [  mapper  ] 开始生成：/Users/wuzhiqiang/Desktop/java_file_creator/dist/mapper/Mp_linkMapper.java
[2020-05-29 10:47:25] [INFO] [  mapper  ] 开始生成：/Users/wuzhiqiang/Desktop/java_file_creator/dist/mapper/Dev_versionMapper.java
[2020-05-29 10:47:25] [INFO] [  mapper  ] 开始生成：/Users/wuzhiqiang/Desktop/java_file_creator/dist/mapper/Mp_user_shareMapper.java
[2020-05-29 10:47:25] [INFO] [  mapper  ] 开始生成：/Users/wuzhiqiang/Desktop/java_file_creator/dist/mapper/ProvinceMapper.java
[2020-05-29 10:47:25] [INFO] [  mapper  ] 开始生成：/Users/wuzhiqiang/Desktop/java_file_creator/dist/mapper/CityMapper.java
[2020-05-29 10:47:25] [INFO] [  mapper  ] 开始生成：/Users/wuzhiqiang/Desktop/java_file_creator/dist/mapper/SectionMapper.java
[2020-05-29 10:47:25] [INFO] [  mapper  ] 开始生成：/Users/wuzhiqiang/Desktop/java_file_creator/dist/mapper/SmsMapper.java
[2020-05-29 10:47:25] [INFO] [  mapper  ] 开始生成：/Users/wuzhiqiang/Desktop/java_file_creator/dist/mapper/ApiMapper.java
[2020-05-29 10:47:25] [INFO] [  mapper  ] 开始生成：/Users/wuzhiqiang/Desktop/java_file_creator/dist/mapper/Api_linkMapper.java
[2020-05-29 10:47:25] [INFO] [  mapper  ] 开始生成：/Users/wuzhiqiang/Desktop/java_file_creator/dist/mapper/RoleMapper.java
[2020-05-29 10:47:25] [INFO] [  mapper  ] 开始生成：/Users/wuzhiqiang/Desktop/java_file_creator/dist/mapper/Admin_userMapper.java
[2020-05-29 10:47:25] [INFO] [  mapper  ] 开始生成：/Users/wuzhiqiang/Desktop/java_file_creator/dist/mapper/Mp_userMapper.java
[2020-05-29 10:47:25] [INFO] [  mapper  ] 开始生成：/Users/wuzhiqiang/Desktop/java_file_creator/dist/mapper/Dev_repairMapper.java
[2020-05-29 10:47:25] [INFO] [  mapper  ] 开始生成：/Users/wuzhiqiang/Desktop/java_file_creator/dist/mapper/Dev_repair_linkMapper.java
[2020-05-29 10:47:25] [INFO] [  mapper  ] 开始生成：/Users/wuzhiqiang/Desktop/java_file_creator/dist/mapper/Dev_answerMapper.java
[2020-05-29 10:47:25] [INFO] [  mapper  ] 开始生成：/Users/wuzhiqiang/Desktop/java_file_creator/dist/mapper/Dev_update_msgMapper.java
[2020-05-29 10:47:25] [INFO] [  mapper  ] 开始生成：/Users/wuzhiqiang/Desktop/java_file_creator/dist/mapper/Dev_msgMapper.java
[2020-05-29 10:47:25] [INFO] [  mapper  ] 开始生成：/Users/wuzhiqiang/Desktop/java_file_creator/dist/mapper/Dev_cmdMapper.java
[2020-05-29 10:47:25] [INFO] [  mapper  ] 开始生成：/Users/wuzhiqiang/Desktop/java_file_creator/dist/mapper/Dev_alarmMapper.java
[2020-05-29 10:47:25] [INFO] [  mapper  ] 开始生成：/Users/wuzhiqiang/Desktop/java_file_creator/dist/mapper/Dev_actionMapper.java
[2020-05-29 10:47:25] [INFO] [  mapper  ] 开始生成：/Users/wuzhiqiang/Desktop/java_file_creator/dist/mapper/Dev_connectMapper.java
[2020-05-29 10:47:25] [INFO] [  mapper  ] 开始生成：/Users/wuzhiqiang/Desktop/java_file_creator/dist/mapper/Rfid_changeMapper.java
[2020-05-29 10:47:25] [INFO] [  mapper  ] 开始生成：/Users/wuzhiqiang/Desktop/java_file_creator/dist/mapper/Msg_logMapper.java
[2020-05-29 10:47:25] [INFO] [INFO] 
[2020-05-29 10:47:25] [INFO] [ provider ] ============= 生成 java providers ================
[2020-05-29 10:47:25] [INFO] [ provider ] 开始生成：/Users/wuzhiqiang/Desktop/java_file_creator/dist/provider/DevProvider.java
[2020-05-29 10:47:25] [INFO] [ provider ] 开始生成：/Users/wuzhiqiang/Desktop/java_file_creator/dist/provider/Dev_updateProvider.java
[2020-05-29 10:47:25] [INFO] [ provider ] 开始生成：/Users/wuzhiqiang/Desktop/java_file_creator/dist/provider/Dev_infoProvider.java
[2020-05-29 10:47:25] [INFO] [ provider ] 开始生成：/Users/wuzhiqiang/Desktop/java_file_creator/dist/provider/Email_sendProvider.java
[2020-05-29 10:47:25] [INFO] [ provider ] 开始生成：/Users/wuzhiqiang/Desktop/java_file_creator/dist/provider/RfidProvider.java
[2020-05-29 10:47:25] [INFO] [ provider ] 开始生成：/Users/wuzhiqiang/Desktop/java_file_creator/dist/provider/AreaProvider.java
[2020-05-29 10:47:25] [INFO] [ provider ] 开始生成：/Users/wuzhiqiang/Desktop/java_file_creator/dist/provider/Admin_dev_linkProvider.java
[2020-05-29 10:47:25] [INFO] [ provider ] 开始生成：/Users/wuzhiqiang/Desktop/java_file_creator/dist/provider/Admin_linkProvider.java
[2020-05-29 10:47:25] [INFO] [ provider ] 开始生成：/Users/wuzhiqiang/Desktop/java_file_creator/dist/provider/Mp_dev_linkProvider.java
[2020-05-29 10:47:25] [INFO] [ provider ] 开始生成：/Users/wuzhiqiang/Desktop/java_file_creator/dist/provider/Mp_linkProvider.java
[2020-05-29 10:47:25] [INFO] [ provider ] 开始生成：/Users/wuzhiqiang/Desktop/java_file_creator/dist/provider/Dev_versionProvider.java
[2020-05-29 10:47:25] [INFO] [ provider ] 开始生成：/Users/wuzhiqiang/Desktop/java_file_creator/dist/provider/Mp_user_shareProvider.java
[2020-05-29 10:47:25] [INFO] [ provider ] 开始生成：/Users/wuzhiqiang/Desktop/java_file_creator/dist/provider/ProvinceProvider.java
[2020-05-29 10:47:25] [INFO] [ provider ] 开始生成：/Users/wuzhiqiang/Desktop/java_file_creator/dist/provider/CityProvider.java
[2020-05-29 10:47:25] [INFO] [ provider ] 开始生成：/Users/wuzhiqiang/Desktop/java_file_creator/dist/provider/SectionProvider.java
[2020-05-29 10:47:25] [INFO] [ provider ] 开始生成：/Users/wuzhiqiang/Desktop/java_file_creator/dist/provider/SmsProvider.java
[2020-05-29 10:47:25] [INFO] [ provider ] 开始生成：/Users/wuzhiqiang/Desktop/java_file_creator/dist/provider/ApiProvider.java
[2020-05-29 10:47:25] [INFO] [ provider ] 开始生成：/Users/wuzhiqiang/Desktop/java_file_creator/dist/provider/Api_linkProvider.java
[2020-05-29 10:47:25] [INFO] [ provider ] 开始生成：/Users/wuzhiqiang/Desktop/java_file_creator/dist/provider/RoleProvider.java
[2020-05-29 10:47:25] [INFO] [ provider ] 开始生成：/Users/wuzhiqiang/Desktop/java_file_creator/dist/provider/Admin_userProvider.java
[2020-05-29 10:47:25] [INFO] [ provider ] 开始生成：/Users/wuzhiqiang/Desktop/java_file_creator/dist/provider/Mp_userProvider.java
[2020-05-29 10:47:25] [INFO] [ provider ] 开始生成：/Users/wuzhiqiang/Desktop/java_file_creator/dist/provider/Dev_repairProvider.java
[2020-05-29 10:47:25] [INFO] [ provider ] 开始生成：/Users/wuzhiqiang/Desktop/java_file_creator/dist/provider/Dev_repair_linkProvider.java
[2020-05-29 10:47:25] [INFO] [ provider ] 开始生成：/Users/wuzhiqiang/Desktop/java_file_creator/dist/provider/Dev_answerProvider.java
[2020-05-29 10:47:25] [INFO] [ provider ] 开始生成：/Users/wuzhiqiang/Desktop/java_file_creator/dist/provider/Dev_update_msgProvider.java
[2020-05-29 10:47:25] [INFO] [ provider ] 开始生成：/Users/wuzhiqiang/Desktop/java_file_creator/dist/provider/Dev_msgProvider.java
[2020-05-29 10:47:25] [INFO] [ provider ] 开始生成：/Users/wuzhiqiang/Desktop/java_file_creator/dist/provider/Dev_cmdProvider.java
[2020-05-29 10:47:25] [INFO] [ provider ] 开始生成：/Users/wuzhiqiang/Desktop/java_file_creator/dist/provider/Dev_alarmProvider.java
[2020-05-29 10:47:25] [INFO] [ provider ] 开始生成：/Users/wuzhiqiang/Desktop/java_file_creator/dist/provider/Dev_actionProvider.java
[2020-05-29 10:47:25] [INFO] [ provider ] 开始生成：/Users/wuzhiqiang/Desktop/java_file_creator/dist/provider/Dev_connectProvider.java
[2020-05-29 10:47:25] [INFO] [ provider ] 开始生成：/Users/wuzhiqiang/Desktop/java_file_creator/dist/provider/Rfid_changeProvider.java
[2020-05-29 10:47:25] [INFO] [ provider ] 开始生成：/Users/wuzhiqiang/Desktop/java_file_creator/dist/provider/Msg_logProvider.java
[2020-05-29 10:47:25] [INFO] [INFO] 
[2020-05-29 10:47:25] [INFO] [  model   ] ============= 生成 java models ================
[2020-05-29 10:47:25] [INFO] [  model   ] 开始生成：/Users/wuzhiqiang/Desktop/java_file_creator/dist/model/Dev.java
[2020-05-29 10:47:25] [INFO] [  model   ] 开始生成：/Users/wuzhiqiang/Desktop/java_file_creator/dist/model/Dev_update.java
[2020-05-29 10:47:25] [INFO] [  model   ] 开始生成：/Users/wuzhiqiang/Desktop/java_file_creator/dist/model/Dev_info.java
[2020-05-29 10:47:25] [INFO] [  model   ] 开始生成：/Users/wuzhiqiang/Desktop/java_file_creator/dist/model/Email_send.java
[2020-05-29 10:47:25] [INFO] [  model   ] 开始生成：/Users/wuzhiqiang/Desktop/java_file_creator/dist/model/Rfid.java
[2020-05-29 10:47:25] [INFO] [  model   ] 开始生成：/Users/wuzhiqiang/Desktop/java_file_creator/dist/model/Area.java
[2020-05-29 10:47:25] [INFO] [  model   ] 开始生成：/Users/wuzhiqiang/Desktop/java_file_creator/dist/model/Admin_dev_link.java
[2020-05-29 10:47:25] [INFO] [  model   ] 开始生成：/Users/wuzhiqiang/Desktop/java_file_creator/dist/model/Admin_link.java
[2020-05-29 10:47:25] [INFO] [  model   ] 开始生成：/Users/wuzhiqiang/Desktop/java_file_creator/dist/model/Mp_dev_link.java
[2020-05-29 10:47:25] [INFO] [  model   ] 开始生成：/Users/wuzhiqiang/Desktop/java_file_creator/dist/model/Mp_link.java
[2020-05-29 10:47:25] [INFO] [  model   ] 开始生成：/Users/wuzhiqiang/Desktop/java_file_creator/dist/model/Dev_version.java
[2020-05-29 10:47:25] [INFO] [  model   ] 开始生成：/Users/wuzhiqiang/Desktop/java_file_creator/dist/model/Mp_user_share.java
[2020-05-29 10:47:25] [INFO] [  model   ] 开始生成：/Users/wuzhiqiang/Desktop/java_file_creator/dist/model/Province.java
[2020-05-29 10:47:25] [INFO] [  model   ] 开始生成：/Users/wuzhiqiang/Desktop/java_file_creator/dist/model/City.java
[2020-05-29 10:47:25] [INFO] [  model   ] 开始生成：/Users/wuzhiqiang/Desktop/java_file_creator/dist/model/Section.java
[2020-05-29 10:47:25] [INFO] [  model   ] 开始生成：/Users/wuzhiqiang/Desktop/java_file_creator/dist/model/Sms.java
[2020-05-29 10:47:25] [INFO] [  model   ] 开始生成：/Users/wuzhiqiang/Desktop/java_file_creator/dist/model/Api.java
[2020-05-29 10:47:25] [INFO] [  model   ] 开始生成：/Users/wuzhiqiang/Desktop/java_file_creator/dist/model/Api_link.java
[2020-05-29 10:47:25] [INFO] [  model   ] 开始生成：/Users/wuzhiqiang/Desktop/java_file_creator/dist/model/Role.java
[2020-05-29 10:47:25] [INFO] [  model   ] 开始生成：/Users/wuzhiqiang/Desktop/java_file_creator/dist/model/Admin_user.java
[2020-05-29 10:47:25] [INFO] [  model   ] 开始生成：/Users/wuzhiqiang/Desktop/java_file_creator/dist/model/Mp_user.java
[2020-05-29 10:47:25] [INFO] [  model   ] 开始生成：/Users/wuzhiqiang/Desktop/java_file_creator/dist/model/Dev_repair.java
[2020-05-29 10:47:25] [INFO] [  model   ] 开始生成：/Users/wuzhiqiang/Desktop/java_file_creator/dist/model/Dev_repair_link.java
[2020-05-29 10:47:25] [INFO] [  model   ] 开始生成：/Users/wuzhiqiang/Desktop/java_file_creator/dist/model/Dev_answer.java
[2020-05-29 10:47:25] [INFO] [  model   ] 开始生成：/Users/wuzhiqiang/Desktop/java_file_creator/dist/model/Dev_update_msg.java
[2020-05-29 10:47:25] [INFO] [  model   ] 开始生成：/Users/wuzhiqiang/Desktop/java_file_creator/dist/model/Dev_msg.java
[2020-05-29 10:47:25] [INFO] [  model   ] 开始生成：/Users/wuzhiqiang/Desktop/java_file_creator/dist/model/Dev_cmd.java
[2020-05-29 10:47:25] [INFO] [  model   ] 开始生成：/Users/wuzhiqiang/Desktop/java_file_creator/dist/model/Dev_alarm.java
[2020-05-29 10:47:25] [INFO] [  model   ] 开始生成：/Users/wuzhiqiang/Desktop/java_file_creator/dist/model/Dev_action.java
[2020-05-29 10:47:25] [INFO] [  model   ] 开始生成：/Users/wuzhiqiang/Desktop/java_file_creator/dist/model/Dev_connect.java
[2020-05-29 10:47:25] [INFO] [  model   ] 开始生成：/Users/wuzhiqiang/Desktop/java_file_creator/dist/model/Rfid_change.java
[2020-05-29 10:47:25] [INFO] [  model   ] 开始生成：/Users/wuzhiqiang/Desktop/java_file_creator/dist/model/Msg_log.java
[2020-05-29 11:19:29] [INFO] [INFO] 
[2020-05-29 11:19:29] [INFO] [controller] ============= 生成 java controller ================
[2020-05-29 11:19:29] [INFO] [controller] 开始生成：/Users/wuzhiqiang/Desktop/java_file_creator/dist/controller/DevController.java
[2020-05-29 11:19:29] [INFO] [controller] 开始生成：/Users/wuzhiqiang/Desktop/java_file_creator/dist/controller/Dev_updateController.java
[2020-05-29 11:19:29] [INFO] [controller] 开始生成：/Users/wuzhiqiang/Desktop/java_file_creator/dist/controller/Dev_infoController.java
[2020-05-29 11:19:29] [INFO] [controller] 开始生成：/Users/wuzhiqiang/Desktop/java_file_creator/dist/controller/Email_sendController.java
[2020-05-29 11:19:29] [INFO] [controller] 开始生成：/Users/wuzhiqiang/Desktop/java_file_creator/dist/controller/RfidController.java
[2020-05-29 11:19:29] [INFO] [controller] 开始生成：/Users/wuzhiqiang/Desktop/java_file_creator/dist/controller/AreaController.java
[2020-05-29 11:19:29] [INFO] [controller] 开始生成：/Users/wuzhiqiang/Desktop/java_file_creator/dist/controller/Admin_dev_linkController.java
[2020-05-29 11:19:29] [INFO] [controller] 开始生成：/Users/wuzhiqiang/Desktop/java_file_creator/dist/controller/Admin_linkController.java
[2020-05-29 11:19:29] [INFO] [controller] 开始生成：/Users/wuzhiqiang/Desktop/java_file_creator/dist/controller/Mp_dev_linkController.java
[2020-05-29 11:19:29] [INFO] [controller] 开始生成：/Users/wuzhiqiang/Desktop/java_file_creator/dist/controller/Mp_linkController.java
[2020-05-29 11:19:29] [INFO] [controller] 开始生成：/Users/wuzhiqiang/Desktop/java_file_creator/dist/controller/Dev_versionController.java
[2020-05-29 11:19:29] [INFO] [controller] 开始生成：/Users/wuzhiqiang/Desktop/java_file_creator/dist/controller/Mp_user_shareController.java
[2020-05-29 11:19:29] [INFO] [controller] 开始生成：/Users/wuzhiqiang/Desktop/java_file_creator/dist/controller/ProvinceController.java
[2020-05-29 11:19:29] [INFO] [controller] 开始生成：/Users/wuzhiqiang/Desktop/java_file_creator/dist/controller/CityController.java
[2020-05-29 11:19:29] [INFO] [controller] 开始生成：/Users/wuzhiqiang/Desktop/java_file_creator/dist/controller/SectionController.java
[2020-05-29 11:19:29] [INFO] [controller] 开始生成：/Users/wuzhiqiang/Desktop/java_file_creator/dist/controller/SmsController.java
[2020-05-29 11:19:29] [INFO] [controller] 开始生成：/Users/wuzhiqiang/Desktop/java_file_creator/dist/controller/ApiController.java
[2020-05-29 11:19:29] [INFO] [controller] 开始生成：/Users/wuzhiqiang/Desktop/java_file_creator/dist/controller/Api_linkController.java
[2020-05-29 11:19:29] [INFO] [controller] 开始生成：/Users/wuzhiqiang/Desktop/java_file_creator/dist/controller/RoleController.java
[2020-05-29 11:19:29] [INFO] [controller] 开始生成：/Users/wuzhiqiang/Desktop/java_file_creator/dist/controller/Admin_userController.java
[2020-05-29 11:19:29] [INFO] [controller] 开始生成：/Users/wuzhiqiang/Desktop/java_file_creator/dist/controller/Mp_userController.java
[2020-05-29 11:19:29] [INFO] [controller] 开始生成：/Users/wuzhiqiang/Desktop/java_file_creator/dist/controller/Dev_repairController.java
[2020-05-29 11:19:29] [INFO] [controller] 开始生成：/Users/wuzhiqiang/Desktop/java_file_creator/dist/controller/Dev_repair_linkController.java
[2020-05-29 11:19:29] [INFO] [controller] 开始生成：/Users/wuzhiqiang/Desktop/java_file_creator/dist/controller/Dev_answerController.java
[2020-05-29 11:19:29] [INFO] [controller] 开始生成：/Users/wuzhiqiang/Desktop/java_file_creator/dist/controller/Dev_update_msgController.java
[2020-05-29 11:19:29] [INFO] [controller] 开始生成：/Users/wuzhiqiang/Desktop/java_file_creator/dist/controller/Dev_msgController.java
[2020-05-29 11:19:29] [INFO] [controller] 开始生成：/Users/wuzhiqiang/Desktop/java_file_creator/dist/controller/Dev_cmdController.java
[2020-05-29 11:19:29] [INFO] [controller] 开始生成：/Users/wuzhiqiang/Desktop/java_file_creator/dist/controller/Dev_alarmController.java
[2020-05-29 11:19:29] [INFO] [controller] 开始生成：/Users/wuzhiqiang/Desktop/java_file_creator/dist/controller/Dev_actionController.java
[2020-05-29 11:19:29] [INFO] [controller] 开始生成：/Users/wuzhiqiang/Desktop/java_file_creator/dist/controller/Dev_connectController.java
[2020-05-29 11:19:29] [INFO] [controller] 开始生成：/Users/wuzhiqiang/Desktop/java_file_creator/dist/controller/Rfid_changeController.java
[2020-05-29 11:19:29] [INFO] [controller] 开始生成：/Users/wuzhiqiang/Desktop/java_file_creator/dist/controller/Msg_logController.java
[2020-05-29 11:19:29] [INFO] [INFO] 
[2020-05-29 11:19:29] [INFO] [repository] ============= 生成 java repositories ================
[2020-05-29 11:19:29] [INFO] [repository] 开始生成：/Users/wuzhiqiang/Desktop/java_file_creator/dist/repository/DevRepository.java
[2020-05-29 11:19:29] [INFO] [repository] 开始生成：/Users/wuzhiqiang/Desktop/java_file_creator/dist/repository/Dev_updateRepository.java
[2020-05-29 11:19:29] [INFO] [repository] 开始生成：/Users/wuzhiqiang/Desktop/java_file_creator/dist/repository/Dev_infoRepository.java
[2020-05-29 11:19:29] [INFO] [repository] 开始生成：/Users/wuzhiqiang/Desktop/java_file_creator/dist/repository/Email_sendRepository.java
[2020-05-29 11:19:29] [INFO] [repository] 开始生成：/Users/wuzhiqiang/Desktop/java_file_creator/dist/repository/RfidRepository.java
[2020-05-29 11:19:29] [INFO] [repository] 开始生成：/Users/wuzhiqiang/Desktop/java_file_creator/dist/repository/AreaRepository.java
[2020-05-29 11:19:29] [INFO] [repository] 开始生成：/Users/wuzhiqiang/Desktop/java_file_creator/dist/repository/Admin_dev_linkRepository.java
[2020-05-29 11:19:29] [INFO] [repository] 开始生成：/Users/wuzhiqiang/Desktop/java_file_creator/dist/repository/Admin_linkRepository.java
[2020-05-29 11:19:29] [INFO] [repository] 开始生成：/Users/wuzhiqiang/Desktop/java_file_creator/dist/repository/Mp_dev_linkRepository.java
[2020-05-29 11:19:29] [INFO] [repository] 开始生成：/Users/wuzhiqiang/Desktop/java_file_creator/dist/repository/Mp_linkRepository.java
[2020-05-29 11:19:29] [INFO] [repository] 开始生成：/Users/wuzhiqiang/Desktop/java_file_creator/dist/repository/Dev_versionRepository.java
[2020-05-29 11:19:29] [INFO] [repository] 开始生成：/Users/wuzhiqiang/Desktop/java_file_creator/dist/repository/Mp_user_shareRepository.java
[2020-05-29 11:19:29] [INFO] [repository] 开始生成：/Users/wuzhiqiang/Desktop/java_file_creator/dist/repository/ProvinceRepository.java
[2020-05-29 11:19:29] [INFO] [repository] 开始生成：/Users/wuzhiqiang/Desktop/java_file_creator/dist/repository/CityRepository.java
[2020-05-29 11:19:29] [INFO] [repository] 开始生成：/Users/wuzhiqiang/Desktop/java_file_creator/dist/repository/SectionRepository.java
[2020-05-29 11:19:29] [INFO] [repository] 开始生成：/Users/wuzhiqiang/Desktop/java_file_creator/dist/repository/SmsRepository.java
[2020-05-29 11:19:29] [INFO] [repository] 开始生成：/Users/wuzhiqiang/Desktop/java_file_creator/dist/repository/ApiRepository.java
[2020-05-29 11:19:29] [INFO] [repository] 开始生成：/Users/wuzhiqiang/Desktop/java_file_creator/dist/repository/Api_linkRepository.java
[2020-05-29 11:19:29] [INFO] [repository] 开始生成：/Users/wuzhiqiang/Desktop/java_file_creator/dist/repository/RoleRepository.java
[2020-05-29 11:19:29] [INFO] [repository] 开始生成：/Users/wuzhiqiang/Desktop/java_file_creator/dist/repository/Admin_userRepository.java
[2020-05-29 11:19:29] [INFO] [repository] 开始生成：/Users/wuzhiqiang/Desktop/java_file_creator/dist/repository/Mp_userRepository.java
[2020-05-29 11:19:29] [INFO] [repository] 开始生成：/Users/wuzhiqiang/Desktop/java_file_creator/dist/repository/Dev_repairRepository.java
[2020-05-29 11:19:29] [INFO] [repository] 开始生成：/Users/wuzhiqiang/Desktop/java_file_creator/dist/repository/Dev_repair_linkRepository.java
[2020-05-29 11:19:29] [INFO] [repository] 开始生成：/Users/wuzhiqiang/Desktop/java_file_creator/dist/repository/Dev_answerRepository.java
[2020-05-29 11:19:29] [INFO] [repository] 开始生成：/Users/wuzhiqiang/Desktop/java_file_creator/dist/repository/Dev_update_msgRepository.java
[2020-05-29 11:19:29] [INFO] [repository] 开始生成：/Users/wuzhiqiang/Desktop/java_file_creator/dist/repository/Dev_msgRepository.java
[2020-05-29 11:19:29] [INFO] [repository] 开始生成：/Users/wuzhiqiang/Desktop/java_file_creator/dist/repository/Dev_cmdRepository.java
[2020-05-29 11:19:29] [INFO] [repository] 开始生成：/Users/wuzhiqiang/Desktop/java_file_creator/dist/repository/Dev_alarmRepository.java
[2020-05-29 11:19:29] [INFO] [repository] 开始生成：/Users/wuzhiqiang/Desktop/java_file_creator/dist/repository/Dev_actionRepository.java
[2020-05-29 11:19:29] [INFO] [repository] 开始生成：/Users/wuzhiqiang/Desktop/java_file_creator/dist/repository/Dev_connectRepository.java
[2020-05-29 11:19:29] [INFO] [repository] 开始生成：/Users/wuzhiqiang/Desktop/java_file_creator/dist/repository/Rfid_changeRepository.java
[2020-05-29 11:19:29] [INFO] [repository] 开始生成：/Users/wuzhiqiang/Desktop/java_file_creator/dist/repository/Msg_logRepository.java
[2020-05-29 11:19:29] [INFO] [INFO] 
[2020-05-29 11:19:29] [INFO] [  mapper  ] ============= 生成 java mappers ================
[2020-05-29 11:19:29] [INFO] [  mapper  ] 开始生成：/Users/wuzhiqiang/Desktop/java_file_creator/dist/mapper/DevMapper.java
[2020-05-29 11:19:29] [INFO] [  mapper  ] 开始生成：/Users/wuzhiqiang/Desktop/java_file_creator/dist/mapper/Dev_updateMapper.java
[2020-05-29 11:19:29] [INFO] [  mapper  ] 开始生成：/Users/wuzhiqiang/Desktop/java_file_creator/dist/mapper/Dev_infoMapper.java
[2020-05-29 11:19:29] [INFO] [  mapper  ] 开始生成：/Users/wuzhiqiang/Desktop/java_file_creator/dist/mapper/Email_sendMapper.java
[2020-05-29 11:19:29] [INFO] [  mapper  ] 开始生成：/Users/wuzhiqiang/Desktop/java_file_creator/dist/mapper/RfidMapper.java
[2020-05-29 11:19:29] [INFO] [  mapper  ] 开始生成：/Users/wuzhiqiang/Desktop/java_file_creator/dist/mapper/AreaMapper.java
[2020-05-29 11:19:29] [INFO] [  mapper  ] 开始生成：/Users/wuzhiqiang/Desktop/java_file_creator/dist/mapper/Admin_dev_linkMapper.java
[2020-05-29 11:19:29] [INFO] [  mapper  ] 开始生成：/Users/wuzhiqiang/Desktop/java_file_creator/dist/mapper/Admin_linkMapper.java
[2020-05-29 11:19:29] [INFO] [  mapper  ] 开始生成：/Users/wuzhiqiang/Desktop/java_file_creator/dist/mapper/Mp_dev_linkMapper.java
[2020-05-29 11:19:29] [INFO] [  mapper  ] 开始生成：/Users/wuzhiqiang/Desktop/java_file_creator/dist/mapper/Mp_linkMapper.java
[2020-05-29 11:19:29] [INFO] [  mapper  ] 开始生成：/Users/wuzhiqiang/Desktop/java_file_creator/dist/mapper/Dev_versionMapper.java
[2020-05-29 11:19:29] [INFO] [  mapper  ] 开始生成：/Users/wuzhiqiang/Desktop/java_file_creator/dist/mapper/Mp_user_shareMapper.java
[2020-05-29 11:19:29] [INFO] [  mapper  ] 开始生成：/Users/wuzhiqiang/Desktop/java_file_creator/dist/mapper/ProvinceMapper.java
[2020-05-29 11:19:29] [INFO] [  mapper  ] 开始生成：/Users/wuzhiqiang/Desktop/java_file_creator/dist/mapper/CityMapper.java
[2020-05-29 11:19:29] [INFO] [  mapper  ] 开始生成：/Users/wuzhiqiang/Desktop/java_file_creator/dist/mapper/SectionMapper.java
[2020-05-29 11:19:29] [INFO] [  mapper  ] 开始生成：/Users/wuzhiqiang/Desktop/java_file_creator/dist/mapper/SmsMapper.java
[2020-05-29 11:19:29] [INFO] [  mapper  ] 开始生成：/Users/wuzhiqiang/Desktop/java_file_creator/dist/mapper/ApiMapper.java
[2020-05-29 11:19:29] [INFO] [  mapper  ] 开始生成：/Users/wuzhiqiang/Desktop/java_file_creator/dist/mapper/Api_linkMapper.java
[2020-05-29 11:19:29] [INFO] [  mapper  ] 开始生成：/Users/wuzhiqiang/Desktop/java_file_creator/dist/mapper/RoleMapper.java
[2020-05-29 11:19:29] [INFO] [  mapper  ] 开始生成：/Users/wuzhiqiang/Desktop/java_file_creator/dist/mapper/Admin_userMapper.java
[2020-05-29 11:19:29] [INFO] [  mapper  ] 开始生成：/Users/wuzhiqiang/Desktop/java_file_creator/dist/mapper/Mp_userMapper.java
[2020-05-29 11:19:29] [INFO] [  mapper  ] 开始生成：/Users/wuzhiqiang/Desktop/java_file_creator/dist/mapper/Dev_repairMapper.java
[2020-05-29 11:19:29] [INFO] [  mapper  ] 开始生成：/Users/wuzhiqiang/Desktop/java_file_creator/dist/mapper/Dev_repair_linkMapper.java
[2020-05-29 11:19:29] [INFO] [  mapper  ] 开始生成：/Users/wuzhiqiang/Desktop/java_file_creator/dist/mapper/Dev_answerMapper.java
[2020-05-29 11:19:29] [INFO] [  mapper  ] 开始生成：/Users/wuzhiqiang/Desktop/java_file_creator/dist/mapper/Dev_update_msgMapper.java
[2020-05-29 11:19:29] [INFO] [  mapper  ] 开始生成：/Users/wuzhiqiang/Desktop/java_file_creator/dist/mapper/Dev_msgMapper.java
[2020-05-29 11:19:29] [INFO] [  mapper  ] 开始生成：/Users/wuzhiqiang/Desktop/java_file_creator/dist/mapper/Dev_cmdMapper.java
[2020-05-29 11:19:29] [INFO] [  mapper  ] 开始生成：/Users/wuzhiqiang/Desktop/java_file_creator/dist/mapper/Dev_alarmMapper.java
[2020-05-29 11:19:29] [INFO] [  mapper  ] 开始生成：/Users/wuzhiqiang/Desktop/java_file_creator/dist/mapper/Dev_actionMapper.java
[2020-05-29 11:19:29] [INFO] [  mapper  ] 开始生成：/Users/wuzhiqiang/Desktop/java_file_creator/dist/mapper/Dev_connectMapper.java
[2020-05-29 11:19:29] [INFO] [  mapper  ] 开始生成：/Users/wuzhiqiang/Desktop/java_file_creator/dist/mapper/Rfid_changeMapper.java
[2020-05-29 11:19:29] [INFO] [  mapper  ] 开始生成：/Users/wuzhiqiang/Desktop/java_file_creator/dist/mapper/Msg_logMapper.java
[2020-05-29 11:19:29] [INFO] [INFO] 
[2020-05-29 11:19:29] [INFO] [ provider ] ============= 生成 java providers ================
[2020-05-29 11:19:29] [INFO] [ provider ] 开始生成：/Users/wuzhiqiang/Desktop/java_file_creator/dist/provider/DevProvider.java
[2020-05-29 11:19:29] [INFO] [ provider ] 开始生成：/Users/wuzhiqiang/Desktop/java_file_creator/dist/provider/Dev_updateProvider.java
[2020-05-29 11:19:29] [INFO] [ provider ] 开始生成：/Users/wuzhiqiang/Desktop/java_file_creator/dist/provider/Dev_infoProvider.java
[2020-05-29 11:19:29] [INFO] [ provider ] 开始生成：/Users/wuzhiqiang/Desktop/java_file_creator/dist/provider/Email_sendProvider.java
[2020-05-29 11:19:29] [INFO] [ provider ] 开始生成：/Users/wuzhiqiang/Desktop/java_file_creator/dist/provider/RfidProvider.java
[2020-05-29 11:19:30] [INFO] [ provider ] 开始生成：/Users/wuzhiqiang/Desktop/java_file_creator/dist/provider/AreaProvider.java
[2020-05-29 11:19:30] [INFO] [ provider ] 开始生成：/Users/wuzhiqiang/Desktop/java_file_creator/dist/provider/Admin_dev_linkProvider.java
[2020-05-29 11:19:30] [INFO] [ provider ] 开始生成：/Users/wuzhiqiang/Desktop/java_file_creator/dist/provider/Admin_linkProvider.java
[2020-05-29 11:19:30] [INFO] [ provider ] 开始生成：/Users/wuzhiqiang/Desktop/java_file_creator/dist/provider/Mp_dev_linkProvider.java
[2020-05-29 11:19:30] [INFO] [ provider ] 开始生成：/Users/wuzhiqiang/Desktop/java_file_creator/dist/provider/Mp_linkProvider.java
[2020-05-29 11:19:30] [INFO] [ provider ] 开始生成：/Users/wuzhiqiang/Desktop/java_file_creator/dist/provider/Dev_versionProvider.java
[2020-05-29 11:19:30] [INFO] [ provider ] 开始生成：/Users/wuzhiqiang/Desktop/java_file_creator/dist/provider/Mp_user_shareProvider.java
[2020-05-29 11:19:30] [INFO] [ provider ] 开始生成：/Users/wuzhiqiang/Desktop/java_file_creator/dist/provider/ProvinceProvider.java
[2020-05-29 11:19:30] [INFO] [ provider ] 开始生成：/Users/wuzhiqiang/Desktop/java_file_creator/dist/provider/CityProvider.java
[2020-05-29 11:19:30] [INFO] [ provider ] 开始生成：/Users/wuzhiqiang/Desktop/java_file_creator/dist/provider/SectionProvider.java
[2020-05-29 11:19:30] [INFO] [ provider ] 开始生成：/Users/wuzhiqiang/Desktop/java_file_creator/dist/provider/SmsProvider.java
[2020-05-29 11:19:30] [INFO] [ provider ] 开始生成：/Users/wuzhiqiang/Desktop/java_file_creator/dist/provider/ApiProvider.java
[2020-05-29 11:19:30] [INFO] [ provider ] 开始生成：/Users/wuzhiqiang/Desktop/java_file_creator/dist/provider/Api_linkProvider.java
[2020-05-29 11:19:30] [INFO] [ provider ] 开始生成：/Users/wuzhiqiang/Desktop/java_file_creator/dist/provider/RoleProvider.java
[2020-05-29 11:19:30] [INFO] [ provider ] 开始生成：/Users/wuzhiqiang/Desktop/java_file_creator/dist/provider/Admin_userProvider.java
[2020-05-29 11:19:30] [INFO] [ provider ] 开始生成：/Users/wuzhiqiang/Desktop/java_file_creator/dist/provider/Mp_userProvider.java
[2020-05-29 11:19:30] [INFO] [ provider ] 开始生成：/Users/wuzhiqiang/Desktop/java_file_creator/dist/provider/Dev_repairProvider.java
[2020-05-29 11:19:30] [INFO] [ provider ] 开始生成：/Users/wuzhiqiang/Desktop/java_file_creator/dist/provider/Dev_repair_linkProvider.java
[2020-05-29 11:19:30] [INFO] [ provider ] 开始生成：/Users/wuzhiqiang/Desktop/java_file_creator/dist/provider/Dev_answerProvider.java
[2020-05-29 11:19:30] [INFO] [ provider ] 开始生成：/Users/wuzhiqiang/Desktop/java_file_creator/dist/provider/Dev_update_msgProvider.java
[2020-05-29 11:19:30] [INFO] [ provider ] 开始生成：/Users/wuzhiqiang/Desktop/java_file_creator/dist/provider/Dev_msgProvider.java
[2020-05-29 11:19:30] [INFO] [ provider ] 开始生成：/Users/wuzhiqiang/Desktop/java_file_creator/dist/provider/Dev_cmdProvider.java
[2020-05-29 11:19:30] [INFO] [ provider ] 开始生成：/Users/wuzhiqiang/Desktop/java_file_creator/dist/provider/Dev_alarmProvider.java
[2020-05-29 11:19:30] [INFO] [ provider ] 开始生成：/Users/wuzhiqiang/Desktop/java_file_creator/dist/provider/Dev_actionProvider.java
[2020-05-29 11:19:30] [INFO] [ provider ] 开始生成：/Users/wuzhiqiang/Desktop/java_file_creator/dist/provider/Dev_connectProvider.java
[2020-05-29 11:19:30] [INFO] [ provider ] 开始生成：/Users/wuzhiqiang/Desktop/java_file_creator/dist/provider/Rfid_changeProvider.java
[2020-05-29 11:19:30] [INFO] [ provider ] 开始生成：/Users/wuzhiqiang/Desktop/java_file_creator/dist/provider/Msg_logProvider.java
[2020-05-29 11:19:30] [INFO] [INFO] 
[2020-05-29 11:19:30] [INFO] [  model   ] ============= 生成 java models ================
[2020-05-29 11:19:30] [INFO] [  model   ] 开始生成：/Users/wuzhiqiang/Desktop/java_file_creator/dist/model/Dev.java
[2020-05-29 11:19:30] [INFO] [  model   ] 开始生成：/Users/wuzhiqiang/Desktop/java_file_creator/dist/model/Dev_update.java
[2020-05-29 11:19:30] [INFO] [  model   ] 开始生成：/Users/wuzhiqiang/Desktop/java_file_creator/dist/model/Dev_info.java
[2020-05-29 11:19:30] [INFO] [  model   ] 开始生成：/Users/wuzhiqiang/Desktop/java_file_creator/dist/model/Email_send.java
[2020-05-29 11:19:30] [INFO] [  model   ] 开始生成：/Users/wuzhiqiang/Desktop/java_file_creator/dist/model/Rfid.java
[2020-05-29 11:19:30] [INFO] [  model   ] 开始生成：/Users/wuzhiqiang/Desktop/java_file_creator/dist/model/Area.java
[2020-05-29 11:19:30] [INFO] [  model   ] 开始生成：/Users/wuzhiqiang/Desktop/java_file_creator/dist/model/Admin_dev_link.java
[2020-05-29 11:19:30] [INFO] [  model   ] 开始生成：/Users/wuzhiqiang/Desktop/java_file_creator/dist/model/Admin_link.java
[2020-05-29 11:19:30] [INFO] [  model   ] 开始生成：/Users/wuzhiqiang/Desktop/java_file_creator/dist/model/Mp_dev_link.java
[2020-05-29 11:19:30] [INFO] [  model   ] 开始生成：/Users/wuzhiqiang/Desktop/java_file_creator/dist/model/Mp_link.java
[2020-05-29 11:19:30] [INFO] [  model   ] 开始生成：/Users/wuzhiqiang/Desktop/java_file_creator/dist/model/Dev_version.java
[2020-05-29 11:19:30] [INFO] [  model   ] 开始生成：/Users/wuzhiqiang/Desktop/java_file_creator/dist/model/Mp_user_share.java
[2020-05-29 11:19:30] [INFO] [  model   ] 开始生成：/Users/wuzhiqiang/Desktop/java_file_creator/dist/model/Province.java
[2020-05-29 11:19:30] [INFO] [  model   ] 开始生成：/Users/wuzhiqiang/Desktop/java_file_creator/dist/model/City.java
[2020-05-29 11:19:30] [INFO] [  model   ] 开始生成：/Users/wuzhiqiang/Desktop/java_file_creator/dist/model/Section.java
[2020-05-29 11:19:30] [INFO] [  model   ] 开始生成：/Users/wuzhiqiang/Desktop/java_file_creator/dist/model/Sms.java
[2020-05-29 11:19:30] [INFO] [  model   ] 开始生成：/Users/wuzhiqiang/Desktop/java_file_creator/dist/model/Api.java
[2020-05-29 11:19:30] [INFO] [  model   ] 开始生成：/Users/wuzhiqiang/Desktop/java_file_creator/dist/model/Api_link.java
[2020-05-29 11:19:30] [INFO] [  model   ] 开始生成：/Users/wuzhiqiang/Desktop/java_file_creator/dist/model/Role.java
[2020-05-29 11:19:30] [INFO] [  model   ] 开始生成：/Users/wuzhiqiang/Desktop/java_file_creator/dist/model/Admin_user.java
[2020-05-29 11:19:30] [INFO] [  model   ] 开始生成：/Users/wuzhiqiang/Desktop/java_file_creator/dist/model/Mp_user.java
[2020-05-29 11:19:30] [INFO] [  model   ] 开始生成：/Users/wuzhiqiang/Desktop/java_file_creator/dist/model/Dev_repair.java
[2020-05-29 11:19:30] [INFO] [  model   ] 开始生成：/Users/wuzhiqiang/Desktop/java_file_creator/dist/model/Dev_repair_link.java
[2020-05-29 11:19:30] [INFO] [  model   ] 开始生成：/Users/wuzhiqiang/Desktop/java_file_creator/dist/model/Dev_answer.java
[2020-05-29 11:19:30] [INFO] [  model   ] 开始生成：/Users/wuzhiqiang/Desktop/java_file_creator/dist/model/Dev_update_msg.java
[2020-05-29 11:19:30] [INFO] [  model   ] 开始生成：/Users/wuzhiqiang/Desktop/java_file_creator/dist/model/Dev_msg.java
[2020-05-29 11:19:30] [INFO] [  model   ] 开始生成：/Users/wuzhiqiang/Desktop/java_file_creator/dist/model/Dev_cmd.java
[2020-05-29 11:19:30] [INFO] [  model   ] 开始生成：/Users/wuzhiqiang/Desktop/java_file_creator/dist/model/Dev_alarm.java
[2020-05-29 11:19:30] [INFO] [  model   ] 开始生成：/Users/wuzhiqiang/Desktop/java_file_creator/dist/model/Dev_action.java
[2020-05-29 11:19:30] [INFO] [  model   ] 开始生成：/Users/wuzhiqiang/Desktop/java_file_creator/dist/model/Dev_connect.java
[2020-05-29 11:19:30] [INFO] [  model   ] 开始生成：/Users/wuzhiqiang/Desktop/java_file_creator/dist/model/Rfid_change.java
[2020-05-29 11:19:30] [INFO] [  model   ] 开始生成：/Users/wuzhiqiang/Desktop/java_file_creator/dist/model/Msg_log.java
[2020-05-29 11:46:45] [INFO] [开始插入表:dev] 
[2020-05-29 11:46:45] [INFO] [开始插入表:dev_update] 
[2020-05-29 11:46:45] [INFO] [开始插入表:dev_info] 
[2020-05-29 11:46:45] [INFO] [开始插入表:email_send] 
[2020-05-29 11:46:45] [INFO] [开始插入表:rfid] 
[2020-05-29 11:46:45] [INFO] [开始插入表:area] 
[2020-05-29 11:46:45] [INFO] [开始插入表:admin_dev_link] 
[2020-05-29 11:46:45] [INFO] [开始插入表:admin_link] 
[2020-05-29 11:46:45] [INFO] [开始插入表:mp_dev_link] 
[2020-05-29 11:46:45] [INFO] [开始插入表:mp_link] 
[2020-05-29 11:46:45] [INFO] [开始插入表:dev_version] 
[2020-05-29 11:46:45] [INFO] [开始插入表:mp_user_share] 
[2020-05-29 11:46:45] [INFO] [开始插入表:province] 
[2020-05-29 11:46:45] [INFO] [开始插入表:city] 
[2020-05-29 11:46:45] [INFO] [开始插入表:section] 
[2020-05-29 11:46:45] [INFO] [开始插入表:sms] 
[2020-05-29 11:46:45] [INFO] [开始插入表:api] 
[2020-05-29 11:46:45] [INFO] [开始插入表:api_link] 
[2020-05-29 11:46:45] [INFO] [开始插入表:role] 
[2020-05-29 11:46:45] [INFO] [开始插入表:admin_user] 
[2020-05-29 11:46:45] [INFO] [开始插入表:mp_user] 
[2020-05-29 11:46:45] [INFO] [开始插入表:dev_repair] 
[2020-05-29 11:46:45] [INFO] [开始插入表:dev_repair_link] 
[2020-05-29 11:46:45] [INFO] [开始插入表:dev_answer] 
[2020-05-29 11:46:46] [INFO] [开始插入表:dev_update_msg] 
[2020-05-29 11:46:46] [INFO] [开始插入表:dev_msg] 
[2020-05-29 11:46:46] [INFO] [开始插入表:dev_cmd] 
[2020-05-29 11:46:46] [INFO] [开始插入表:dev_alarm] 
[2020-05-29 11:46:46] [INFO] [开始插入表:dev_action] 
[2020-05-29 11:46:46] [INFO] [开始插入表:dev_connect] 
[2020-05-29 11:46:46] [INFO] [开始插入表:rfid_change] 
[2020-05-29 11:46:46] [INFO] [开始插入表:msg_log] 
[2020-05-29 11:46:46] [ERROR] [System] (1074, "Column length too big for column 'params' (max = 21845); use BLOB or TEXT instead") 
    callpath: 
        /Users/wuzhiqiang/Desktop/java_file_creator/_cmd.py(591) -> <module> 
        /Users/wuzhiqiang/Desktop/java_file_creator/file_manager.py(49) -> error 

[2020-05-29 11:47:13] [INFO] [开始插入表:dev] 
[2020-05-29 11:47:13] [ERROR] [System] (1050, "Table 'dev' already exists") 
    callpath: 
        /Users/wuzhiqiang/Desktop/java_file_creator/_cmd.py(591) -> <module> 
        /Users/wuzhiqiang/Desktop/java_file_creator/file_manager.py(49) -> error 

[2020-05-29 11:47:39] [INFO] [开始插入表:dev] 
[2020-05-29 11:47:39] [INFO] [开始插入表:dev_update] 
[2020-05-29 11:47:39] [INFO] [开始插入表:dev_info] 
[2020-05-29 11:47:39] [INFO] [开始插入表:email_send] 
[2020-05-29 11:47:39] [INFO] [开始插入表:rfid] 
[2020-05-29 11:47:39] [INFO] [开始插入表:area] 
[2020-05-29 11:47:39] [INFO] [开始插入表:admin_dev_link] 
[2020-05-29 11:47:39] [INFO] [开始插入表:admin_link] 
[2020-05-29 11:47:39] [INFO] [开始插入表:mp_dev_link] 
[2020-05-29 11:47:39] [INFO] [开始插入表:mp_link] 
[2020-05-29 11:47:39] [INFO] [开始插入表:dev_version] 
[2020-05-29 11:47:39] [INFO] [开始插入表:mp_user_share] 
[2020-05-29 11:47:39] [INFO] [开始插入表:province] 
[2020-05-29 11:47:39] [INFO] [开始插入表:city] 
[2020-05-29 11:47:39] [INFO] [开始插入表:section] 
[2020-05-29 11:47:39] [INFO] [开始插入表:sms] 
[2020-05-29 11:47:39] [INFO] [开始插入表:api] 
[2020-05-29 11:47:39] [INFO] [开始插入表:api_link] 
[2020-05-29 11:47:39] [INFO] [开始插入表:role] 
[2020-05-29 11:47:39] [INFO] [开始插入表:admin_user] 
[2020-05-29 11:47:39] [INFO] [开始插入表:mp_user] 
[2020-05-29 11:47:39] [INFO] [开始插入表:dev_repair] 
[2020-05-29 11:47:39] [INFO] [开始插入表:dev_repair_link] 
[2020-05-29 11:47:39] [INFO] [开始插入表:dev_answer] 
[2020-05-29 11:47:39] [INFO] [开始插入表:dev_update_msg] 
[2020-05-29 11:47:39] [INFO] [开始插入表:dev_msg] 
[2020-05-29 11:47:39] [INFO] [开始插入表:dev_cmd] 
[2020-05-29 11:47:39] [INFO] [开始插入表:dev_alarm] 
[2020-05-29 11:47:39] [INFO] [开始插入表:dev_action] 
[2020-05-29 11:47:39] [INFO] [开始插入表:dev_connect] 
[2020-05-29 11:47:39] [INFO] [开始插入表:rfid_change] 
[2020-05-29 11:47:39] [INFO] [开始插入表:msg_log] 
[2020-05-29 11:47:39] [ERROR] [System] (1074, "Column length too big for column 'params' (max = 21845); use BLOB or TEXT instead") 
    callpath: 
        /Users/wuzhiqiang/Desktop/java_file_creator/_cmd.py(591) -> <module> 
        /Users/wuzhiqiang/Desktop/java_file_creator/file_manager.py(49) -> error 

[2020-05-29 11:48:15] [INFO] [开始插入表:dev] 
[2020-05-29 11:48:15] [INFO] [开始插入表:dev_update] 
[2020-05-29 11:48:15] [INFO] [开始插入表:dev_info] 
[2020-05-29 11:48:15] [INFO] [开始插入表:email_send] 
[2020-05-29 11:48:15] [INFO] [开始插入表:rfid] 
[2020-05-29 11:48:15] [INFO] [开始插入表:area] 
[2020-05-29 11:48:15] [INFO] [开始插入表:admin_dev_link] 
[2020-05-29 11:48:15] [INFO] [开始插入表:admin_link] 
[2020-05-29 11:48:15] [INFO] [开始插入表:mp_dev_link] 
[2020-05-29 11:48:15] [INFO] [开始插入表:mp_link] 
[2020-05-29 11:48:15] [INFO] [开始插入表:dev_version] 
[2020-05-29 11:48:15] [INFO] [开始插入表:mp_user_share] 
[2020-05-29 11:48:15] [INFO] [开始插入表:province] 
[2020-05-29 11:48:15] [INFO] [开始插入表:city] 
[2020-05-29 11:48:15] [INFO] [开始插入表:section] 
[2020-05-29 11:48:15] [INFO] [开始插入表:sms] 
[2020-05-29 11:48:15] [INFO] [开始插入表:api] 
[2020-05-29 11:48:15] [INFO] [开始插入表:api_link] 
[2020-05-29 11:48:15] [INFO] [开始插入表:role] 
[2020-05-29 11:48:15] [INFO] [开始插入表:admin_user] 
[2020-05-29 11:48:15] [INFO] [开始插入表:mp_user] 
[2020-05-29 11:48:15] [INFO] [开始插入表:dev_repair] 
[2020-05-29 11:48:15] [INFO] [开始插入表:dev_repair_link] 
[2020-05-29 11:48:15] [INFO] [开始插入表:dev_answer] 
[2020-05-29 11:48:15] [INFO] [开始插入表:dev_update_msg] 
[2020-05-29 11:48:15] [INFO] [开始插入表:dev_msg] 
[2020-05-29 11:48:15] [INFO] [开始插入表:dev_cmd] 
[2020-05-29 11:48:15] [INFO] [开始插入表:dev_alarm] 
[2020-05-29 11:48:15] [INFO] [开始插入表:dev_action] 
[2020-05-29 11:48:15] [INFO] [开始插入表:dev_connect] 
[2020-05-29 11:48:15] [INFO] [开始插入表:rfid_change] 
[2020-05-29 11:48:15] [INFO] [开始插入表:msg_log] 
